120927.916000 28.541492 -81.195965
120928.916000 28.541493 -81.195963
120929.916000 28.541495 -81.195962
120930.916000 28.541498 -81.195958
120931.916000 28.541500 -81.195957
120932.916000 28.541500 -81.195955
120933.916000 28.541497 -81.195953
120934.916000 28.541492 -81.195952
120935.916000 28.541482 -81.195948
120936.916000 28.541408 -81.195938
120937.916000 28.541375 -81.195932
120938.916000 28.541350 -81.195925
120939.916000 28.541330 -81.195917
120940.916000 28.541317 -81.195903
120941.916000 28.541308 -81.195893
120942.915000 28.541302 -81.195885
120943.915000 28.541298 -81.195883
120944.915000 28.541297 -81.195897
120945.915000 28.541293 -81.195930
120946.915000 28.541287 -81.195978
120947.915000 28.541277 -81.196035
120948.915000 28.541267 -81.196105
120949.915000 28.541258 -81.196185
120950.915000 28.541255 -81.196270
120951.915000 28.541252 -81.196365
120952.915000 28.541237 -81.196465
120953.915000 28.541207 -81.196563
120954.915000 28.541163 -81.196657
120955.915000 28.541108 -81.196742
120956.915000 28.541042 -81.196817
120957.915000 28.540963 -81.196880
120958.915000 28.540875 -81.196927
120959.914000 28.540780 -81.196955
121000.914000 28.540682 -81.196973
121001.914000 28.540580 -81.196990
121002.914000 28.540480 -81.197007
121003.914000 28.540382 -81.197022
121004.914000 28.540283 -81.197025
121005.914000 28.540187 -81.197007
121006.914000 28.540093 -81.196962
121007.914000 28.540007 -81.196895
121008.914000 28.539925 -81.196815
121009.914000 28.539847 -81.196733
121010.914000 28.539773 -81.196655
121011.914000 28.539710 -81.196587
121012.914000 28.539657 -81.196530
121013.914000 28.539613 -81.196490
121014.914000 28.539572 -81.196472
121015.914000 28.539527 -81.196480
121016.913000 28.539478 -81.196515
121017.913000 28.539423 -81.196572
121018.913000 28.539363 -81.196638
121019.913000 28.539300 -81.196713
121020.913000 28.539232 -81.196793
121021.913000 28.539162 -81.196878
121022.913000 28.539092 -81.196962
121023.913000 28.539023 -81.197045
121024.913000 28.538962 -81.197133
121025.913000 28.538910 -81.197228
121026.913000 28.538867 -81.197333
121027.913000 28.538835 -81.197448
121028.913000 28.538812 -81.197570
121029.913000 28.538802 -81.197698
121030.913000 28.538798 -81.197830
121031.913000 28.538802 -81.197967
121032.913000 28.538807 -81.198105
121033.912000 28.538810 -81.198247
121034.912000 28.538812 -81.198388
121035.912000 28.538813 -81.198530
121036.912000 28.538813 -81.198665
121037.912000 28.538808 -81.198798
121038.912000 28.538790 -81.198925
121039.912000 28.538755 -81.199043
121040.912000 28.538703 -81.199152
121041.912000 28.538638 -81.199250
121042.912000 28.538565 -81.199333
121043.912000 28.538497 -81.199403
121044.912000 28.538442 -81.199458
121045.912000 28.538407 -81.199495
121046.912000 28.538392 -81.199513
121047.912000 28.538388 -81.199517
121048.912000 28.538382 -81.199527
121049.912000 28.538370 -81.199555
121050.911000 28.538365 -81.199602
121051.911000 28.538378 -81.199667
121052.911000 28.538412 -81.199740
121053.911000 28.538462 -81.199818
121054.911000 28.538525 -81.199907
121055.911000 28.538593 -81.200003
121056.911000 28.538665 -81.200103
121057.911000 28.538740 -81.200212
121058.911000 28.538822 -81.200330
121059.911000 28.538905 -81.200450
121100.911000 28.538992 -81.200568
121101.911000 28.539082 -81.200683
121102.911000 28.539178 -81.200790
121103.911000 28.539278 -81.200888
121104.911000 28.539383 -81.200977
121105.911000 28.539490 -81.201058
121106.911000 28.539602 -81.201132
121107.910000 28.539717 -81.201193
121108.910000 28.539837 -81.201243
121109.910000 28.539958 -81.201283
121110.910000 28.540083 -81.201313
121111.910000 28.540212 -81.201333
121112.910000 28.540342 -81.201345
121113.910000 28.540475 -81.201345
121114.910000 28.540608 -81.201335
121115.910000 28.540743 -81.201315
121116.910000 28.540878 -81.201287
121117.910000 28.541012 -81.201253
121118.910000 28.541147 -81.201217
121119.910000 28.541282 -81.201182
121120.910000 28.541413 -81.201147
121121.910000 28.541547 -81.201112
121122.910000 28.541678 -81.201077
121123.909000 28.541808 -81.201042
121124.909000 28.541937 -81.201007
121125.909000 28.542063 -81.200975
121126.909000 28.542192 -81.200943
121127.909000 28.542320 -81.200913
121128.909000 28.542448 -81.200883
121129.909000 28.542577 -81.200850
121130.909000 28.542705 -81.200810
121131.909000 28.542830 -81.200765
121132.909000 28.542953 -81.200715
121133.909000 28.543073 -81.200657
121134.909000 28.543192 -81.200593
121135.909000 28.543307 -81.200522
121136.909000 28.543418 -81.200445
121137.909000 28.543527 -81.200360
121138.909000 28.543630 -81.200267
121139.909000 28.543730 -81.200168
121140.908000 28.543827 -81.200060
121141.908000 28.543922 -81.199950
121142.908000 28.544017 -81.199837
121143.908000 28.544112 -81.199723
121144.908000 28.544208 -81.199612
121145.908000 28.544305 -81.199502
121146.908000 28.544398 -81.199390
121147.908000 28.544490 -81.199280
121148.908000 28.544578 -81.199170
121149.908000 28.544668 -81.199063
121150.908000 28.544757 -81.198962
121151.908000 28.544842 -81.198865
121152.908000 28.544917 -81.198778
121153.908000 28.544980 -81.198705
121154.908000 28.545030 -81.198645
121155.908000 28.545068 -81.198600
121156.908000 28.545092 -81.198572
121157.907000 28.545103 -81.198558
121158.907000 28.545105 -81.198555
121159.907000 28.545103 -81.198557
121200.907000 28.545102 -81.198560
121201.907000 28.545103 -81.198563
121202.907000 28.545103 -81.198565
121203.907000 28.545107 -81.198565
121204.907000 28.545108 -81.198567
121205.907000 28.545110 -81.198567
121206.907000 28.545112 -81.198565
121207.907000 28.545113 -81.198565
121208.907000 28.545117 -81.198565
121209.907000 28.545118 -81.198563
121210.907000 28.545118 -81.198563
121211.907000 28.545120 -81.198563
121212.907000 28.545122 -81.198563
121213.907000 28.545122 -81.198563
121214.906000 28.545120 -81.198563
121215.906000 28.545118 -81.198563
121216.906000 28.545117 -81.198563
121217.906000 28.545115 -81.198563
121218.906000 28.545112 -81.198563
121219.906000 28.545110 -81.198563
121220.906000 28.545108 -81.198563
121221.906000 28.545105 -81.198563
121222.906000 28.545102 -81.198563
121223.906000 28.545098 -81.198563
121224.906000 28.545095 -81.198563
121225.906000 28.545092 -81.198565
121226.906000 28.545090 -81.198567
121227.906000 28.545088 -81.198570
121228.906000 28.545087 -81.198572
121229.906000 28.545085 -81.198575
121230.906000 28.545083 -81.198578
121231.905000 28.545082 -81.198582
121232.905000 28.545080 -81.198585
121233.905000 28.545078 -81.198588
121234.905000 28.545077 -81.198590
121235.905000 28.545075 -81.198592
121236.905000 28.545073 -81.198593
121237.905000 28.545072 -81.198593
121238.905000 28.545070 -81.198595
121239.905000 28.545070 -81.198593
121240.905000 28.545070 -81.198593
121241.905000 28.545070 -81.198592
121242.905000 28.545070 -81.198592
121243.905000 28.545070 -81.198590
121244.905000 28.545070 -81.198590
121245.905000 28.545070 -81.198590
121246.905000 28.545070 -81.198590
121247.905000 28.545070 -81.198590
121248.904000 28.545070 -81.198590
121249.904000 28.545070 -81.198592
121250.904000 28.545068 -81.198592
121251.904000 28.545070 -81.198590
121252.904000 28.545082 -81.198580
121253.904000 28.545107 -81.198557
121254.904000 28.545148 -81.198532
121255.904000 28.545207 -81.198513
121256.904000 28.545282 -81.198513
121257.904000 28.545367 -81.198537
121258.904000 28.545450 -81.198590
121259.904000 28.545535 -81.198667
121300.904000 28.545622 -81.198760
121301.904000 28.545712 -81.198860
121302.904000 28.545803 -81.198965
121303.904000 28.545900 -81.199077
121304.903000 28.545997 -81.199193
121305.903000 28.546090 -81.199315
121306.903000 28.546178 -81.199443
121307.903000 28.546262 -81.199573
121308.903000 28.546340 -81.199708
121309.903000 28.546417 -81.199847
121310.903000 28.546485 -81.199988
121311.903000 28.546550 -81.200133
121312.903000 28.546608 -81.200282
121313.903000 28.546662 -81.200433
121314.903000 28.546710 -81.200587
121315.903000 28.546755 -81.200743
121316.903000 28.546792 -81.200902
121317.903000 28.546825 -81.201060
121318.903000 28.546852 -81.201215
121319.903000 28.546872 -81.201372
121320.903000 28.546887 -81.201528
121321.902000 28.546895 -81.201687
121322.902000 28.546898 -81.201843
121323.902000 28.546897 -81.202000
121324.902000 28.546893 -81.202153
121325.902000 28.546892 -81.202300
121326.902000 28.546892 -81.202437
121327.902000 28.546897 -81.202560
121328.902000 28.546905 -81.202672
121329.902000 28.546910 -81.202775
121330.902000 28.546912 -81.202865
121331.902000 28.546912 -81.202938
121332.902000 28.546910 -81.202990
121333.902000 28.546912 -81.203020
121334.902000 28.546913 -81.203032
121335.902000 28.546913 -81.203035
121336.902000 28.546915 -81.203033
121337.902000 28.546917 -81.203028
121338.901000 28.546918 -81.203023
121339.901000 28.546918 -81.203020
121340.901000 28.546918 -81.203015
121339.901000 28.546920 -81.203012
121340.901000 28.546922 -81.203008
121341.901000 28.546923 -81.203005
121342.901000 28.546925 -81.203003
121343.901000 28.546925 -81.203003
121344.901000 28.546923 -81.203017
121345.901000 28.546920 -81.203043
121346.901000 28.546917 -81.203080
121347.901000 28.546915 -81.203128
121348.901000 28.546912 -81.203187
121349.901000 28.546910 -81.203252
121350.901000 28.546907 -81.203322
121351.901000 28.546905 -81.203395
121352.901000 28.546905 -81.203468
121353.901000 28.546913 -81.203540
121354.901000 28.546940 -81.203610
121355.900000 28.546985 -81.203670
121356.900000 28.547052 -81.203715
121357.900000 28.547137 -81.203740
121358.900000 28.547240 -81.203748
121359.900000 28.547358 -81.203748
121400.900000 28.547493 -81.203747
121401.900000 28.547642 -81.203745
121402.900000 28.547807 -81.203742
121403.900000 28.547983 -81.203740
121404.900000 28.548175 -81.203737
121405.900000 28.548373 -81.203735
121406.900000 28.548575 -81.203732
121407.900000 28.548780 -81.203730
121408.900000 28.548985 -81.203728
121409.900000 28.549190 -81.203728
121410.900000 28.549397 -81.203728
121411.900000 28.549602 -81.203732
121412.899000 28.549805 -81.203743
121413.899000 28.550007 -81.203763
121414.899000 28.550205 -81.203793
121415.899000 28.550400 -81.203830
121416.899000 28.550592 -81.203878
121417.899000 28.550782 -81.203933
121418.899000 28.550968 -81.203997
121419.899000 28.551153 -81.204068
121420.899000 28.551337 -81.204148
121421.899000 28.551515 -81.204237
121422.899000 28.551692 -81.204333
121423.899000 28.551865 -81.204438
121424.899000 28.552033 -81.204548
121425.899000 28.552198 -81.204662
121426.899000 28.552355 -81.204773
121427.899000 28.552498 -81.204880
121428.899000 28.552627 -81.204978
121429.898000 28.552737 -81.205067
121430.898000 28.552830 -81.205142
121431.898000 28.552907 -81.205205
121432.898000 28.552967 -81.205253
121433.898000 28.553010 -81.205287
121434.898000 28.553040 -81.205310
121435.898000 28.553058 -81.205322
121436.898000 28.553067 -81.205328
121437.898000 28.553070 -81.205330
121438.898000 28.553068 -81.205328
121439.898000 28.553065 -81.205325
121440.898000 28.553062 -81.205322
121441.898000 28.553057 -81.205320
121442.898000 28.553053 -81.205318
121443.898000 28.553050 -81.205317
121444.898000 28.553047 -81.205315
121445.898000 28.553043 -81.205313
121446.897000 28.553042 -81.205313
121447.897000 28.553040 -81.205312
121448.897000 28.553042 -81.205310
121449.897000 28.553043 -81.205308
121450.897000 28.553048 -81.205307
121451.897000 28.553052 -81.205305
121452.897000 28.553053 -81.205303
121453.897000 28.553057 -81.205303
121454.897000 28.553058 -81.205303
121455.897000 28.553060 -81.205303
121456.897000 28.553060 -81.205303
121457.897000 28.553060 -81.205305
121458.897000 28.553060 -81.205305
121459.897000 28.553058 -81.205305
121500.897000 28.553057 -81.205307
121501.897000 28.553053 -81.205307
121502.897000 28.553050 -81.205307
121503.896000 28.553045 -81.205307
121504.896000 28.553042 -81.205307
121505.896000 28.553040 -81.205308
121506.896000 28.553038 -81.205312
121507.896000 28.553035 -81.205313
121508.896000 28.553033 -81.205317
121509.896000 28.553030 -81.205318
121510.896000 28.553028 -81.205320
121511.896000 28.553030 -81.205322
121512.896000 28.553043 -81.205330
121513.896000 28.553075 -81.205352
121514.896000 28.553123 -81.205383
121515.896000 28.553185 -81.205423
121516.896000 28.553260 -81.205473
121517.896000 28.553348 -81.205533
121518.896000 28.553447 -81.205600
121519.895000 28.553555 -81.205675
121520.895000 28.553675 -81.205757
121521.895000 28.553805 -81.205845
121522.895000 28.553940 -81.205935
121523.895000 28.554083 -81.206032
121524.895000 28.554235 -81.206132
121525.895000 28.554390 -81.206235
121526.895000 28.554548 -81.206338
121527.895000 28.554710 -81.206438
121528.895000 28.554878 -81.206533
121529.895000 28.555052 -81.206622
121530.895000 28.555230 -81.206700
121531.895000 28.555413 -81.206770
121532.895000 28.555597 -81.206832
121533.895000 28.555783 -81.206887
121534.895000 28.555970 -81.206932
121535.895000 28.556158 -81.206970
121536.894000 28.556347 -81.206998
121537.894000 28.556537 -81.207018
121538.894000 28.556727 -81.207030
121539.894000 28.556918 -81.207033
121540.894000 28.557112 -81.207033
121541.894000 28.557305 -81.207033
121542.894000 28.557500 -81.207035
121543.894000 28.557695 -81.207035
121544.894000 28.557888 -81.207037
121545.894000 28.558080 -81.207038
121546.894000 28.558270 -81.207040
121547.894000 28.558458 -81.207042
121548.894000 28.558647 -81.207043
121549.894000 28.558835 -81.207045
121550.894000 28.559025 -81.207047
121551.894000 28.559217 -81.207048
121552.894000 28.559410 -81.207052
121553.893000 28.559605 -81.207053
121554.893000 28.559800 -81.207057
121555.893000 28.559995 -81.207058
121556.893000 28.560188 -81.207062
121557.893000 28.560382 -81.207065
121558.893000 28.560577 -81.207068
121559.893000 28.560773 -81.207072
121600.893000 28.560970 -81.207077
121601.893000 28.561167 -81.207082
121602.893000 28.561363 -81.207087
121603.893000 28.561560 -81.207090
121604.893000 28.561755 -81.207095
121605.893000 28.561950 -81.207100
121606.893000 28.562143 -81.207107
121607.893000 28.562338 -81.207113
121608.893000 28.562532 -81.207120
121609.893000 28.562725 -81.207127
121610.892000 28.562918 -81.207133
121611.892000 28.563110 -81.207142
121612.892000 28.563302 -81.207153
121613.892000 28.563492 -81.207167
121614.892000 28.563677 -81.207183
121615.892000 28.563858 -81.207203
121616.892000 28.564033 -81.207222
121617.892000 28.564193 -81.207240
121618.892000 28.564338 -81.207255
121619.892000 28.564465 -81.207268
121620.892000 28.564575 -81.207280
121621.892000 28.564668 -81.207290
121622.892000 28.564747 -81.207298
121623.892000 28.564807 -81.207307
121624.892000 28.564848 -81.207312
121625.892000 28.564878 -81.207317
121626.892000 28.564900 -81.207320
121627.891000 28.564915 -81.207323
121628.891000 28.564927 -81.207327
121629.891000 28.564933 -81.207330
121630.891000 28.564932 -81.207330
121631.891000 28.564928 -81.207330
121632.891000 28.564925 -81.207330
121633.891000 28.564922 -81.207332
121634.891000 28.564920 -81.207332
121635.891000 28.564918 -81.207332
121636.891000 28.564917 -81.207333
121637.891000 28.564922 -81.207335
121638.891000 28.564935 -81.207337
121639.891000 28.564943 -81.207338
121640.891000 28.564945 -81.207338
121641.891000 28.564945 -81.207337
121642.891000 28.564945 -81.207337
121643.891000 28.564947 -81.207337
121644.890000 28.564948 -81.207337
121645.890000 28.564947 -81.207337
121646.890000 28.564947 -81.207337
121647.890000 28.564945 -81.207337
121648.890000 28.564945 -81.207337
121649.890000 28.564945 -81.207337
121650.890000 28.564945 -81.207337
121651.890000 28.564943 -81.207337
121652.890000 28.564943 -81.207335
121653.890000 28.564942 -81.207335
121654.890000 28.564940 -81.207337
121655.890000 28.564940 -81.207337
121656.890000 28.564938 -81.207338
121657.890000 28.564937 -81.207342
121658.890000 28.564935 -81.207343
121659.890000 28.564933 -81.207347
121700.890000 28.564933 -81.207347
121701.889000 28.564932 -81.207348
121702.889000 28.564928 -81.207348
121703.889000 28.564927 -81.207348
121704.889000 28.564930 -81.207348
121705.889000 28.564947 -81.207350
121706.889000 28.564985 -81.207357
121707.889000 28.565037 -81.207365
121708.889000 28.565102 -81.207377
121709.889000 28.565185 -81.207392
121710.889000 28.565278 -81.207412
121711.889000 28.565382 -81.207433
121712.889000 28.565497 -81.207460
121713.889000 28.565618 -81.207485
121714.889000 28.565738 -81.207508
121715.889000 28.565858 -81.207528
121716.889000 28.565978 -81.207545
121717.889000 28.566102 -81.207562
121718.888000 28.566228 -81.207573
121719.888000 28.566358 -81.207585
121720.888000 28.566495 -81.207593
121721.888000 28.566638 -81.207600
121722.888000 28.566787 -81.207605
121723.888000 28.566940 -81.207610
121724.888000 28.567095 -81.207613
121725.888000 28.567252 -81.207620
121726.888000 28.567412 -81.207623
121727.888000 28.567570 -81.207628
121728.888000 28.567728 -81.207632
121729.888000 28.567885 -81.207637
121730.888000 28.568042 -81.207643
121731.888000 28.568198 -81.207650
121732.888000 28.568355 -81.207658
121733.888000 28.568515 -81.207665
121734.888000 28.568678 -81.207670
121735.887000 28.568847 -81.207677
121736.887000 28.569017 -81.207682
121737.887000 28.569190 -81.207688
121738.887000 28.569362 -81.207693
121739.887000 28.569537 -81.207695
121740.887000 28.569712 -81.207695
121741.887000 28.569887 -81.207695
121742.887000 28.570063 -81.207692
121743.887000 28.570238 -81.207688
121744.887000 28.570413 -81.207685
121745.887000 28.570590 -81.207683
121746.887000 28.570767 -81.207682
121747.887000 28.570947 -81.207680
121748.887000 28.571127 -81.207678
121749.887000 28.571307 -81.207677
121750.887000 28.571487 -81.207675
121751.887000 28.571665 -81.207675
121752.886000 28.571842 -81.207675
121753.886000 28.572018 -81.207677
121754.886000 28.572193 -81.207678
121755.886000 28.572370 -81.207680
121756.886000 28.572547 -81.207682
121757.886000 28.572723 -81.207685
121758.886000 28.572902 -81.207687
121759.886000 28.573082 -81.207688
121800.886000 28.573265 -81.207690
121801.886000 28.573452 -81.207693
121802.886000 28.573640 -81.207695
121803.886000 28.573832 -81.207698
121804.886000 28.574025 -81.207702
121805.886000 28.574220 -81.207705
121806.886000 28.574417 -81.207707
121807.886000 28.574613 -81.207710
121808.886000 28.574812 -81.207712
121809.885000 28.575008 -81.207715
121810.885000 28.575207 -81.207717
121811.885000 28.575407 -81.207720
121812.885000 28.575608 -81.207722
121813.885000 28.575807 -81.207723
121814.885000 28.576005 -81.207725
121815.885000 28.576203 -81.207727
121816.885000 28.576402 -81.207727
121817.885000 28.576602 -81.207728
121818.885000 28.576802 -81.207728
121819.885000 28.577005 -81.207728
121820.885000 28.577208 -81.207727
121821.885000 28.577413 -81.207725
121822.885000 28.577620 -81.207720
121823.885000 28.577827 -81.207717
121824.885000 28.578035 -81.207712
121825.885000 28.578242 -81.207708
121826.884000 28.578447 -81.207705
121827.884000 28.578648 -81.207703
121828.884000 28.578848 -81.207702
121829.884000 28.579045 -81.207700
121830.884000 28.579240 -81.207698
121831.884000 28.579437 -81.207698
121832.884000 28.579632 -81.207697
121833.884000 28.579830 -81.207693
121834.884000 28.580025 -81.207692
121835.884000 28.580212 -81.207690
121836.884000 28.580372 -81.207688
121837.884000 28.580507 -81.207688
121838.884000 28.580628 -81.207687
121839.884000 28.580745 -81.207687
121840.884000 28.580858 -81.207687
121841.884000 28.580972 -81.207687
121842.884000 28.581090 -81.207685
121843.883000 28.581217 -81.207685
121844.883000 28.581353 -81.207685
121845.883000 28.581497 -81.207683
121846.883000 28.581648 -81.207683
121847.883000 28.581800 -81.207682
121848.883000 28.581952 -81.207682
121849.883000 28.582105 -81.207680
121850.883000 28.582260 -81.207680
121851.883000 28.582420 -81.207678
121852.883000 28.582583 -81.207678
121853.883000 28.582747 -81.207677
121854.883000 28.582913 -81.207677
121855.883000 28.583082 -81.207675
121856.883000 28.583250 -81.207675
121857.883000 28.583418 -81.207675
121858.883000 28.583585 -81.207675
121859.883000 28.583753 -81.207677
121900.882000 28.583922 -81.207678
121901.882000 28.584093 -81.207678
121902.882000 28.584267 -81.207678
121903.882000 28.584438 -81.207680
121904.882000 28.584612 -81.207680
121905.882000 28.584783 -81.207680
121906.882000 28.584953 -81.207682
121907.882000 28.585122 -81.207682
121908.882000 28.585288 -81.207683
121909.882000 28.585452 -81.207685
121910.882000 28.585618 -81.207688
121911.882000 28.585785 -81.207693
121912.882000 28.585952 -81.207705
121913.882000 28.586117 -81.207723
121914.882000 28.586280 -81.207747
121915.882000 28.586445 -81.207778
121916.881000 28.586610 -81.207815
121917.881000 28.586777 -81.207858
121918.881000 28.586945 -81.207910
121919.881000 28.587117 -81.207967
121920.881000 28.587292 -81.208030
121921.881000 28.587473 -81.208095
121922.881000 28.587658 -81.208160
121923.881000 28.587850 -81.208228
121924.881000 28.588043 -81.208298
121925.881000 28.588238 -81.208368
121926.881000 28.588433 -81.208437
121927.881000 28.588627 -81.208503
121928.881000 28.588818 -81.208568
121929.881000 28.589012 -81.208627
121930.881000 28.589205 -81.208683
121931.881000 28.589398 -81.208738
121932.881000 28.589592 -81.208797
121933.880000 28.589785 -81.208853
121934.880000 28.589978 -81.208903
121935.880000 28.590173 -81.208945
121936.880000 28.590368 -81.208975
121937.880000 28.590565 -81.208993
121938.880000 28.590762 -81.209000
121939.880000 28.590958 -81.208993
121940.880000 28.591155 -81.208978
121941.880000 28.591350 -81.208958
121942.880000 28.591543 -81.208932
121943.880000 28.591733 -81.208900
121944.880000 28.591922 -81.208862
121945.880000 28.592105 -81.208815
121946.880000 28.592287 -81.208760
121947.880000 28.592467 -81.208700
121948.880000 28.592645 -81.208637
121949.880000 28.592823 -81.208570
121950.879000 28.593003 -81.208505
121951.879000 28.593182 -81.208440
121952.879000 28.593358 -81.208375
121953.879000 28.593533 -81.208310
121954.879000 28.593708 -81.208247
121955.879000 28.593885 -81.208183
121956.879000 28.594060 -81.208120
121957.879000 28.594232 -81.208058
121958.879000 28.594402 -81.207998
121959.879000 28.594565 -81.207940
122000.879000 28.594723 -81.207885
122001.879000 28.594870 -81.207835
122002.879000 28.595003 -81.207790
122003.879000 28.595123 -81.207753
122004.879000 28.595235 -81.207720
122005.879000 28.595343 -81.207692
122006.879000 28.595448 -81.207668
122007.878000 28.595552 -81.207648
122008.878000 28.595653 -81.207633
122009.878000 28.595755 -81.207622
122010.878000 28.595858 -81.207610
122011.878000 28.595968 -81.207600
122012.878000 28.596085 -81.207590
122013.878000 28.596208 -81.207583
122014.878000 28.596338 -81.207573
122015.878000 28.596470 -81.207567
122016.878000 28.596600 -81.207560
122017.878000 28.596725 -81.207557
122018.878000 28.596842 -81.207555
122019.878000 28.596947 -81.207555
122020.878000 28.597042 -81.207557
122021.878000 28.597127 -81.207558
122022.878000 28.597200 -81.207560
122023.878000 28.597258 -81.207562
122024.877000 28.597303 -81.207563
122025.877000 28.597335 -81.207565
122026.877000 28.597352 -81.207567
122027.877000 28.597357 -81.207567
122028.877000 28.597353 -81.207568
122029.877000 28.597348 -81.207570
122030.877000 28.597343 -81.207572
122031.877000 28.597338 -81.207575
122032.877000 28.597333 -81.207577
122033.877000 28.597330 -81.207580
122034.877000 28.597327 -81.207582
122035.877000 28.597323 -81.207583
122036.877000 28.597323 -81.207583
122037.877000 28.597328 -81.207583
122038.877000 28.597343 -81.207583
122039.877000 28.597360 -81.207583
122040.877000 28.597370 -81.207582
122041.876000 28.597377 -81.207582
122042.876000 28.597378 -81.207580
122043.876000 28.597378 -81.207577
122044.876000 28.597378 -81.207573
122045.876000 28.597377 -81.207570
122046.876000 28.597377 -81.207568
122047.876000 28.597377 -81.207567
122048.876000 28.597377 -81.207565
122049.876000 28.597378 -81.207565
122050.876000 28.597378 -81.207563
122051.876000 28.597378 -81.207565
122052.876000 28.597378 -81.207565
122053.876000 28.597378 -81.207568
122054.876000 28.597378 -81.207570
122055.876000 28.597377 -81.207572
122056.876000 28.597377 -81.207575
122057.876000 28.597377 -81.207577
122058.875000 28.597375 -81.207577
122059.875000 28.597377 -81.207577
122100.875000 28.597385 -81.207577
122101.875000 28.597397 -81.207577
122102.875000 28.597407 -81.207577
122103.875000 28.597410 -81.207575
122104.875000 28.597412 -81.207572
122105.875000 28.597410 -81.207568
122106.875000 28.597410 -81.207563
122107.875000 28.597410 -81.207560
122108.875000 28.597412 -81.207557
122109.875000 28.597412 -81.207553
122110.875000 28.597413 -81.207552
122111.875000 28.597413 -81.207548
122112.875000 28.597413 -81.207548
122113.875000 28.597413 -81.207548
122114.875000 28.597413 -81.207548
122115.874000 28.597413 -81.207550
122116.874000 28.597412 -81.207552
122117.874000 28.597408 -81.207553
122118.874000 28.597405 -81.207557
122119.874000 28.597402 -81.207560
122120.874000 28.597398 -81.207562
122121.874000 28.597395 -81.207565
122122.874000 28.597392 -81.207567
122123.874000 28.597388 -81.207570
122124.874000 28.597387 -81.207572
122125.874000 28.597383 -81.207575
122126.874000 28.597380 -81.207578
122127.874000 28.597378 -81.207583
122128.874000 28.597378 -81.207587
122129.874000 28.597378 -81.207590
122130.874000 28.597380 -81.207592
122131.874000 28.597380 -81.207593
122132.873000 28.597382 -81.207593
122133.873000 28.597383 -81.207592
122134.873000 28.597387 -81.207592
122135.873000 28.597390 -81.207590
122136.873000 28.597395 -81.207588
122137.873000 28.597398 -81.207587
122138.873000 28.597403 -81.207585
122139.873000 28.597408 -81.207583
122140.873000 28.597413 -81.207582
122141.873000 28.597425 -81.207582
122142.873000 28.597442 -81.207580
122143.873000 28.597458 -81.207578
122144.873000 28.597478 -81.207577
122145.873000 28.597508 -81.207573
122146.873000 28.597545 -81.207568
122147.873000 28.597583 -81.207558
122148.873000 28.597625 -81.207535
122149.872000 28.597665 -81.207488
122150.872000 28.597700 -81.207413
122151.872000 28.597728 -81.207313
122152.872000 28.597760 -81.207200
122153.872000 28.597803 -81.207078
122154.872000 28.597858 -81.206950
122155.872000 28.597927 -81.206825
122156.872000 28.598003 -81.206710
122157.872000 28.598090 -81.206600
122158.872000 28.598187 -81.206488
122159.872000 28.598288 -81.206373
122200.872000 28.598390 -81.206258
122201.872000 28.598488 -81.206147
122202.872000 28.598582 -81.206040
122203.872000 28.598670 -81.205942
122204.872000 28.598753 -81.205848
122205.872000 28.598832 -81.205762
122206.871000 28.598903 -81.205680
122207.871000 28.598967 -81.205597
122208.871000 28.599017 -81.205505
122209.871000 28.599053 -81.205405
122210.871000 28.599085 -81.205302
122211.871000 28.599115 -81.205202
122212.871000 28.599148 -81.205113
122213.871000 28.599195 -81.205052
122214.871000 28.599252 -81.205018
122215.871000 28.599310 -81.205015
122216.871000 28.599358 -81.205028
