123449.930000 28.541692 -81.195893
123450.930000 28.541692 -81.195892
123451.930000 28.541692 -81.195890
123452.929000 28.541693 -81.195888
123453.929000 28.541692 -81.195888
123454.929000 28.541692 -81.195887
123455.929000 28.541690 -81.195887
123456.929000 28.541687 -81.195885
123457.929000 28.541682 -81.195885
123458.929000 28.541677 -81.195883
123459.929000 28.541670 -81.195882
123500.929000 28.541663 -81.195880
123501.929000 28.541655 -81.195878
123502.929000 28.541645 -81.195875
123503.929000 28.541637 -81.195868
123504.929000 28.541635 -81.195858
123505.929000 28.541633 -81.195850
123506.929000 28.541345 -81.195908
123507.929000 28.541322 -81.195933
123508.929000 28.541312 -81.195975
123509.928000 28.541297 -81.196028
123510.928000 28.541280 -81.196092
123511.928000 28.541265 -81.196165
123512.928000 28.541257 -81.196245
123513.928000 28.541253 -81.196332
123514.928000 28.541247 -81.196425
123515.928000 28.541232 -81.196520
123516.928000 28.541203 -81.196610
123517.928000 28.541163 -81.196693
123518.928000 28.541115 -81.196768
123519.928000 28.541057 -81.196835
123520.928000 28.540988 -81.196890
123521.928000 28.540912 -81.196935
123522.928000 28.540828 -81.196965
123523.928000 28.540740 -81.196987
123524.928000 28.540647 -81.197003
123525.928000 28.540552 -81.197018
123526.927000 28.540457 -81.197033
123527.927000 28.540362 -81.197043
123528.927000 28.540268 -81.197042
123529.927000 28.540175 -81.197017
123530.927000 28.540087 -81.196968
123531.927000 28.540003 -81.196900
123532.927000 28.539923 -81.196818
123533.927000 28.539847 -81.196733
123534.927000 28.539775 -81.196655
123535.927000 28.539715 -81.196588
123536.927000 28.539665 -81.196535
123537.927000 28.539620 -81.196495
123538.927000 28.539577 -81.196482
123539.927000 28.539528 -81.196498
123540.927000 28.539475 -81.196545
123541.927000 28.539413 -81.196617
123542.927000 28.539343 -81.196698
123543.926000 28.539268 -81.196787
123544.926000 28.539188 -81.196882
123545.926000 28.539107 -81.196980
123546.926000 28.539025 -81.197082
123547.926000 28.538952 -81.197187
123548.926000 28.538890 -81.197298
123549.926000 28.538843 -81.197418
123550.926000 28.538813 -81.197547
123551.926000 28.538798 -81.197682
123552.926000 28.538793 -81.197827
123553.926000 28.538793 -81.197975
123554.926000 28.538797 -81.198128
123555.926000 28.538800 -81.198282
123556.926000 28.538805 -81.198437
123557.926000 28.538808 -81.198593
123558.926000 28.538807 -81.198745
123559.926000 28.538795 -81.198892
123600.925000 28.538762 -81.199030
123601.925000 28.538708 -81.199153
123602.925000 28.538642 -81.199257
123603.925000 28.538570 -81.199342
123604.925000 28.538503 -81.199410
123605.925000 28.538448 -81.199465
123606.925000 28.538408 -81.199507
123607.925000 28.538388 -81.199533
123608.925000 28.538382 -81.199542
123609.925000 28.538378 -81.199548
123610.925000 28.538372 -81.199568
123611.925000 28.538368 -81.199610
123612.925000 28.538380 -81.199668
123613.925000 28.538412 -81.199738
123614.925000 28.538465 -81.199825
123615.925000 28.538532 -81.199923
123616.925000 28.538605 -81.200030
123617.924000 28.538683 -81.200145
123618.924000 28.538767 -81.200265
123619.924000 28.538852 -81.200387
123620.924000 28.538938 -81.200510
123621.924000 28.539027 -81.200628
123622.924000 28.539120 -81.200742
123623.924000 28.539220 -81.200845
123624.924000 28.539325 -81.200940
123625.924000 28.539435 -81.201025
123626.924000 28.539547 -81.201100
123627.924000 28.539660 -81.201165
123628.924000 28.539773 -81.201220
123629.924000 28.539885 -81.201267
123630.924000 28.539998 -81.201302
123631.924000 28.540112 -81.201328
123632.924000 28.540228 -81.201348
123633.924000 28.540347 -81.201358
123634.923000 28.540468 -81.201360
123635.923000 28.540590 -81.201353
123636.923000 28.540710 -81.201338
123637.923000 28.540828 -81.201315
123638.923000 28.540943 -81.201288
123639.923000 28.541057 -81.201260
123640.923000 28.541172 -81.201230
123641.923000 28.541288 -81.201200
123642.923000 28.541407 -81.201172
123643.923000 28.541528 -81.201142
123644.923000 28.541653 -81.201112
123645.923000 28.541780 -81.201080
123646.923000 28.541912 -81.201048
123647.923000 28.542045 -81.201015
123648.923000 28.542182 -81.200982
123649.923000 28.542318 -81.200950
123650.923000 28.542455 -81.200917
123651.922000 28.542592 -81.200882
123652.922000 28.542727 -81.200845
123653.922000 28.542862 -81.200800
123654.922000 28.542995 -81.200747
123655.922000 28.543123 -81.200683
123656.922000 28.543250 -81.200608
123657.922000 28.543375 -81.200525
123658.922000 28.543495 -81.200435
123659.922000 28.543610 -81.200338
123700.922000 28.543720 -81.200237
123701.922000 28.543825 -81.200127
123702.922000 28.543925 -81.200012
123703.922000 28.544023 -81.199893
123704.922000 28.544120 -81.199775
123705.922000 28.544218 -81.199658
123706.922000 28.544313 -81.199545
123707.922000 28.544405 -81.199435
123708.921000 28.544495 -81.199325
123709.921000 28.544582 -81.199217
123710.921000 28.544667 -81.199112
123711.921000 28.544750 -81.199015
123712.921000 28.544825 -81.198928
123713.921000 28.544892 -81.198850
123714.921000 28.544948 -81.198783
123715.921000 28.544993 -81.198728
123716.921000 28.545028 -81.198688
123717.921000 28.545050 -81.198663
123718.921000 28.545062 -81.198650
123719.921000 28.545065 -81.198647
123720.921000 28.545067 -81.198645
123721.921000 28.545067 -81.198645
123722.921000 28.545067 -81.198645
123723.921000 28.545067 -81.198645
123724.921000 28.545067 -81.198643
123725.921000 28.545067 -81.198642
123726.920000 28.545065 -81.198642
123727.920000 28.545065 -81.198642
123728.920000 28.545065 -81.198640
123729.920000 28.545063 -81.198642
123730.920000 28.545063 -81.198640
123731.920000 28.545062 -81.198640
123732.920000 28.545060 -81.198640
123733.920000 28.545058 -81.198642
123734.920000 28.545057 -81.198642
123735.920000 28.545055 -81.198643
123736.920000 28.545053 -81.198643
123737.920000 28.545053 -81.198645
123738.920000 28.545053 -81.198645
123739.920000 28.545055 -81.198645
123740.920000 28.545058 -81.198643
123741.920000 28.545060 -81.198643
123742.920000 28.545065 -81.198642
123743.919000 28.545068 -81.198642
123744.919000 28.545072 -81.198640
123745.919000 28.545075 -81.198640
123746.919000 28.545077 -81.198638
123747.919000 28.545078 -81.198640
123748.919000 28.545078 -81.198640
123749.919000 28.545077 -81.198643
123750.919000 28.545073 -81.198645
123751.919000 28.545070 -81.198648
123752.919000 28.545065 -81.198650
123753.919000 28.545060 -81.198653
123754.919000 28.545055 -81.198657
123755.919000 28.545052 -81.198660
123756.919000 28.545053 -81.198655
123757.919000 28.545073 -81.198632
123758.919000 28.545105 -81.198598
123759.919000 28.545150 -81.198560
123800.918000 28.545212 -81.198532
123801.918000 28.545283 -81.198522
123802.918000 28.545365 -81.198538
123803.918000 28.545447 -81.198583
123804.918000 28.545522 -81.198650
123805.918000 28.545595 -81.198732
123806.918000 28.545672 -81.198820
123807.918000 28.545753 -81.198913
123808.918000 28.545840 -81.199015
123809.918000 28.545928 -81.199123
123810.918000 28.546015 -81.199235
123811.918000 28.546102 -81.199350
123812.918000 28.546187 -81.199473
123813.918000 28.546268 -81.199602
123814.918000 28.546347 -81.199735
123815.918000 28.546422 -81.199870
123816.918000 28.546490 -81.200010
123817.917000 28.546555 -81.200153
123818.917000 28.546617 -81.200300
123819.917000 28.546672 -81.200450
123820.917000 28.546720 -81.200600
123821.917000 28.546763 -81.200750
123822.917000 28.546802 -81.200902
123823.917000 28.546835 -81.201052
123824.917000 28.546860 -81.201200
123825.917000 28.546880 -81.201348
123826.917000 28.546895 -81.201497
123827.917000 28.546905 -81.201645
123828.917000 28.546912 -81.201795
123829.917000 28.546915 -81.201945
123830.917000 28.546915 -81.202097
123831.917000 28.546913 -81.202250
123832.917000 28.546913 -81.202402
123833.917000 28.546920 -81.202548
123834.916000 28.546930 -81.202688
123835.916000 28.546937 -81.202825
123836.916000 28.546938 -81.202955
123837.916000 28.546937 -81.203077
123838.916000 28.546935 -81.203185
123839.916000 28.546932 -81.203280
123840.916000 28.546930 -81.203365
123841.916000 28.546928 -81.203442
123842.916000 28.546927 -81.203508
123843.916000 28.546928 -81.203565
123844.916000 28.546935 -81.203618
123845.916000 28.546955 -81.203670
123846.916000 28.546992 -81.203713
123847.916000 28.547045 -81.203747
123848.916000 28.547117 -81.203767
123849.916000 28.547207 -81.203777
123850.916000 28.547313 -81.203782
123851.915000 28.547435 -81.203782
123852.915000 28.547572 -81.203783
123853.915000 28.547723 -81.203790
123854.915000 28.547890 -81.203797
123855.915000 28.548072 -81.203803
123856.915000 28.548270 -81.203807
123857.915000 28.548478 -81.203807
123858.915000 28.548690 -81.203803
123859.915000 28.548903 -81.203800
123900.915000 28.549117 -81.203798
123901.915000 28.549330 -81.203797
123902.915000 28.549538 -81.203798
123903.915000 28.549743 -81.203807
123904.915000 28.549943 -81.203820
123905.915000 28.550142 -81.203842
123906.915000 28.550332 -81.203875
123907.915000 28.550520 -81.203918
123908.914000 28.550705 -81.203967
123909.914000 28.550888 -81.204023
123910.914000 28.551068 -81.204088
123911.914000 28.551248 -81.204160
123912.914000 28.551427 -81.204242
123913.914000 28.551603 -81.204332
123914.914000 28.551777 -81.204430
123915.914000 28.551945 -81.204535
123916.914000 28.552107 -81.204642
123917.914000 28.552267 -81.204748
123918.914000 28.552428 -81.204855
123919.914000 28.552587 -81.204965
123920.914000 28.552745 -81.205082
123921.914000 28.552905 -81.205198
123922.914000 28.553070 -81.205318
123923.914000 28.553238 -81.205440
123924.914000 28.553410 -81.205560
123925.913000 28.553582 -81.205678
123926.913000 28.553753 -81.205798
123927.913000 28.553928 -81.205917
123928.913000 28.554102 -81.206035
123929.913000 28.554275 -81.206152
123930.913000 28.554448 -81.206267
123931.913000 28.554620 -81.206380
123932.913000 28.554793 -81.206485
123933.913000 28.554965 -81.206578
123934.913000 28.555137 -81.206662
123935.913000 28.555303 -81.206733
123936.913000 28.555467 -81.206795
123937.913000 28.555625 -81.206850
123938.913000 28.555785 -81.206900
123939.913000 28.555947 -81.206942
123940.913000 28.556113 -81.206978
123941.913000 28.556280 -81.207010
123942.913000 28.556450 -81.207032
123943.912000 28.556618 -81.207047
123944.912000 28.556778 -81.207055
123945.912000 28.556927 -81.207058
123946.912000 28.557058 -81.207058
123947.912000 28.557175 -81.207057
123948.912000 28.557272 -81.207057
123949.912000 28.557350 -81.207055
123950.912000 28.557408 -81.207053
123951.912000 28.557452 -81.207052
123952.912000 28.557482 -81.207052
123953.912000 28.557500 -81.207050
123954.912000 28.557507 -81.207048
123955.912000 28.557508 -81.207047
123956.912000 28.557507 -81.207045
123957.912000 28.557505 -81.207043
123958.912000 28.557500 -81.207042
123959.912000 28.557497 -81.207040
124000.911000 28.557495 -81.207038
124001.911000 28.557492 -81.207038
124002.911000 28.557488 -81.207038
124003.911000 28.557487 -81.207038
124004.911000 28.557485 -81.207040
124005.911000 28.557482 -81.207042
124006.911000 28.557480 -81.207042
124007.911000 28.557478 -81.207043
124008.911000 28.557477 -81.207045
124009.911000 28.557475 -81.207045
124010.911000 28.557473 -81.207047
124011.911000 28.557472 -81.207047
124012.911000 28.557470 -81.207047
124013.911000 28.557468 -81.207047
124014.911000 28.557468 -81.207048
124015.911000 28.557468 -81.207048
124016.911000 28.557468 -81.207048
124017.910000 28.557468 -81.207048
124018.910000 28.557468 -81.207048
124019.910000 28.557468 -81.207048
124020.910000 28.557470 -81.207048
124021.910000 28.557470 -81.207048
124022.910000 28.557472 -81.207048
124023.910000 28.557472 -81.207048
124024.910000 28.557472 -81.207048
124025.910000 28.557472 -81.207047
124026.910000 28.557473 -81.207047
124027.910000 28.557473 -81.207047
124028.910000 28.557473 -81.207045
124029.910000 28.557473 -81.207045
124030.910000 28.557472 -81.207045
124031.910000 28.557473 -81.207047
124032.910000 28.557473 -81.207047
124033.910000 28.557473 -81.207048
124034.909000 28.557472 -81.207050
124035.909000 28.557472 -81.207050
124036.909000 28.557472 -81.207053
124037.909000 28.557472 -81.207055
124038.909000 28.557472 -81.207058
124039.909000 28.557473 -81.207060
124040.909000 28.557473 -81.207063
124041.909000 28.557475 -81.207065
124042.909000 28.557475 -81.207067
124043.909000 28.557477 -81.207068
124044.909000 28.557478 -81.207068
124045.909000 28.557490 -81.207067
124046.909000 28.557528 -81.207067
124047.909000 28.557585 -81.207067
124048.909000 28.557660 -81.207067
124049.909000 28.557755 -81.207065
124050.909000 28.557862 -81.207065
124051.908000 28.557982 -81.207065
124052.908000 28.558115 -81.207065
124053.908000 28.558257 -81.207067
124054.908000 28.558408 -81.207068
124055.908000 28.558570 -81.207070
124056.908000 28.558738 -81.207072
124057.908000 28.558912 -81.207073
124058.908000 28.559090 -81.207077
124059.908000 28.559272 -81.207080
124100.908000 28.559455 -81.207082
124101.908000 28.559640 -81.207085
124102.908000 28.559827 -81.207088
124103.908000 28.560013 -81.207092
124104.908000 28.560198 -81.207095
124105.908000 28.560385 -81.207098
124106.908000 28.560568 -81.207102
124107.908000 28.560750 -81.207105
124108.907000 28.560927 -81.207108
124109.907000 28.561102 -81.207110
124110.907000 28.561272 -81.207113
124111.907000 28.561440 -81.207118
124112.907000 28.561603 -81.207123
124113.907000 28.561765 -81.207128
124114.907000 28.561922 -81.207133
124115.907000 28.562077 -81.207137
124116.907000 28.562228 -81.207142
124117.907000 28.562372 -81.207147
124118.907000 28.562508 -81.207152
124119.907000 28.562637 -81.207158
124120.907000 28.562755 -81.207162
124121.907000 28.562863 -81.207167
124122.907000 28.562962 -81.207172
124123.907000 28.563050 -81.207175
124124.907000 28.563127 -81.207180
124125.907000 28.563190 -81.207185
124126.906000 28.563238 -81.207187
124127.906000 28.563275 -81.207190
124128.906000 28.563302 -81.207192
124129.906000 28.563315 -81.207193
124130.906000 28.563320 -81.207193
124131.906000 28.563320 -81.207192
124132.906000 28.563318 -81.207192
124133.906000 28.563317 -81.207192
124134.906000 28.563315 -81.207190
124135.906000 28.563313 -81.207190
124136.906000 28.563312 -81.207188
124137.906000 28.563310 -81.207187
124138.906000 28.563308 -81.207187
124139.906000 28.563307 -81.207183
124140.906000 28.563307 -81.207182
124141.906000 28.563305 -81.207180
124142.906000 28.563303 -81.207180
124143.905000 28.563312 -81.207180
124144.905000 28.563340 -81.207180
124145.905000 28.563385 -81.207183
124146.905000 28.563440 -81.207188
124147.905000 28.563503 -81.207193
124148.905000 28.563573 -81.207200
124149.905000 28.563643 -81.207208
124150.905000 28.563715 -81.207217
124151.905000 28.563787 -81.207225
124152.905000 28.563860 -81.207233
124153.905000 28.563937 -81.207243
124154.905000 28.564017 -81.207252
124155.905000 28.564102 -81.207263
124156.905000 28.564188 -81.207273
124157.905000 28.564275 -81.207285
124158.905000 28.564365 -81.207297
124159.905000 28.564458 -81.207307
124200.904000 28.564555 -81.207317
124201.904000 28.564655 -81.207328
124202.904000 28.564755 -81.207340
124203.904000 28.564855 -81.207352
124204.904000 28.564950 -81.207365
124205.904000 28.565043 -81.207380
124206.904000 28.565130 -81.207395
124207.904000 28.565212 -81.207410
124208.904000 28.565290 -81.207425
124209.904000 28.565362 -81.207440
124210.904000 28.565430 -81.207455
124211.904000 28.565492 -81.207470
124212.904000 28.565547 -81.207483
124213.904000 28.565588 -81.207493
124214.904000 28.565620 -81.207500
124215.904000 28.565642 -81.207507
124216.904000 28.565658 -81.207510
124217.903000 28.565670 -81.207512
124218.903000 28.565680 -81.207513
124219.903000 28.565685 -81.207515
124220.903000 28.565688 -81.207515
124221.903000 28.565687 -81.207515
124222.903000 28.565685 -81.207517
124223.903000 28.565685 -81.207517
124224.903000 28.565683 -81.207518
124225.903000 28.565682 -81.207518
124226.903000 28.565682 -81.207518
124227.903000 28.565680 -81.207517
124228.903000 28.565680 -81.207517
124229.903000 28.565678 -81.207517
124230.903000 28.565678 -81.207515
124231.903000 28.565678 -81.207515
124232.903000 28.565678 -81.207515
124233.903000 28.565678 -81.207513
124234.902000 28.565678 -81.207513
124235.902000 28.565678 -81.207512
124236.902000 28.565678 -81.207512
124237.902000 28.565678 -81.207512
124238.902000 28.565678 -81.207512
124239.902000 28.565678 -81.207513
124240.902000 28.565678 -81.207515
124241.902000 28.565678 -81.207517
124242.902000 28.565680 -81.207518
124243.902000 28.565680 -81.207520
124244.902000 28.565680 -81.207523
124245.902000 28.565682 -81.207525
124246.902000 28.565682 -81.207527
124247.902000 28.565680 -81.207527
124248.902000 28.565680 -81.207527
124249.902000 28.565680 -81.207527
124250.902000 28.565678 -81.207525
124251.902000 28.565678 -81.207525
124252.901000 28.565677 -81.207523
124253.901000 28.565675 -81.207522
124254.901000 28.565673 -81.207520
124255.901000 28.565672 -81.207518
124256.901000 28.565668 -81.207517
124257.901000 28.565665 -81.207515
124258.901000 28.565662 -81.207515
124259.901000 28.565660 -81.207513
124300.901000 28.565658 -81.207513
124301.901000 28.565657 -81.207513
124302.901000 28.565655 -81.207515
124303.901000 28.565653 -81.207515
124304.901000 28.565653 -81.207517
124305.901000 28.565653 -81.207517
124306.901000 28.565652 -81.207517
124307.901000 28.565652 -81.207515
124308.901000 28.565652 -81.207515
124309.900000 28.565653 -81.207513
124310.900000 28.565653 -81.207512
124311.900000 28.565653 -81.207510
124312.900000 28.565653 -81.207508
124313.900000 28.565653 -81.207507
124314.900000 28.565653 -81.207505
124315.900000 28.565653 -81.207502
124316.900000 28.565653 -81.207500
124317.900000 28.565653 -81.207497
124318.900000 28.565655 -81.207495
124319.900000 28.565655 -81.207492
124320.900000 28.565657 -81.207490
124321.900000 28.565657 -81.207488
124322.900000 28.565658 -81.207485
124323.900000 28.565660 -81.207482
124324.900000 28.565662 -81.207480
124325.900000 28.565663 -81.207477
124326.899000 28.565663 -81.207477
124327.899000 28.565665 -81.207475
124328.899000 28.565667 -81.207477
124329.899000 28.565668 -81.207478
124330.899000 28.565670 -81.207480
124331.899000 28.565672 -81.207482
124332.899000 28.565673 -81.207483
124333.899000 28.565673 -81.207485
124334.899000 28.565675 -81.207487
124335.899000 28.565675 -81.207487
124336.899000 28.565677 -81.207487
124337.899000 28.565677 -81.207487
124338.899000 28.565678 -81.207487
124339.899000 28.565678 -81.207487
124340.899000 28.565678 -81.207487
124341.899000 28.565678 -81.207485
124342.899000 28.565678 -81.207483
124343.898000 28.565677 -81.207483
124344.898000 28.565677 -81.207483
124345.898000 28.565677 -81.207485
124346.898000 28.565677 -81.207487
124347.898000 28.565677 -81.207488
124348.898000 28.565675 -81.207488
124349.898000 28.565675 -81.207490
124350.898000 28.565675 -81.207492
124351.898000 28.565675 -81.207495
124352.898000 28.565677 -81.207500
124353.898000 28.565690 -81.207505
124354.898000 28.565725 -81.207515
124355.898000 28.565780 -81.207527
124356.898000 28.565848 -81.207540
124357.898000 28.565932 -81.207553
124358.898000 28.566023 -81.207568
124359.898000 28.566120 -81.207582
124400.898000 28.566227 -81.207595
124401.897000 28.566338 -81.207605
124402.897000 28.566457 -81.207615
124403.897000 28.566582 -81.207623
124404.897000 28.566710 -81.207630
124405.897000 28.566843 -81.207635
124406.897000 28.566980 -81.207642
124407.897000 28.567122 -81.207648
124408.897000 28.567268 -81.207653
124409.897000 28.567423 -81.207658
124410.897000 28.567580 -81.207662
124411.897000 28.567742 -81.207667
124412.897000 28.567905 -81.207672
124413.897000 28.568073 -81.207678
124414.897000 28.568243 -81.207685
124415.897000 28.568417 -81.207692
124416.897000 28.568592 -81.207698
124417.897000 28.568768 -81.207702
124418.896000 28.568948 -81.207707
124419.896000 28.569132 -81.207710
124420.896000 28.569317 -81.207713
124421.896000 28.569503 -81.207715
124422.896000 28.569688 -81.207717
124423.896000 28.569870 -81.207717
124424.896000 28.570052 -81.207717
124425.896000 28.570232 -81.207713
124426.896000 28.570413 -81.207710
124427.896000 28.570597 -81.207707
124428.896000 28.570782 -81.207705
124429.896000 28.570970 -81.207705
124430.896000 28.571158 -81.207703
124431.896000 28.571347 -81.207703
124432.896000 28.571535 -81.207703
124433.896000 28.571723 -81.207703
124434.896000 28.571910 -81.207703
124435.895000 28.572097 -81.207707
124436.895000 28.572283 -81.207708
124437.895000 28.572468 -81.207712
124438.895000 28.572655 -81.207713
124439.895000 28.572842 -81.207717
124440.895000 28.573030 -81.207718
124441.895000 28.573220 -81.207720
124442.895000 28.573413 -81.207723
124443.895000 28.573607 -81.207727
124444.895000 28.573803 -81.207728
124445.895000 28.573998 -81.207732
124446.895000 28.574193 -81.207735
124447.895000 28.574383 -81.207738
124448.895000 28.574568 -81.207742
124449.895000 28.574748 -81.207743
124450.895000 28.574925 -81.207745
124451.895000 28.575098 -81.207748
124452.894000 28.575272 -81.207752
124453.894000 28.575445 -81.207753
124454.894000 28.575622 -81.207753
124455.894000 28.575797 -81.207755
124456.894000 28.575972 -81.207757
124457.894000 28.576147 -81.207758
124458.894000 28.576322 -81.207758
124459.894000 28.576500 -81.207760
124500.894000 28.576680 -81.207758
124501.894000 28.576860 -81.207758
124502.894000 28.577040 -81.207757
124503.894000 28.577223 -81.207757
124504.894000 28.577407 -81.207753
124505.894000 28.577590 -81.207750
124506.894000 28.577777 -81.207745
124507.894000 28.577962 -81.207740
124508.894000 28.578150 -81.207737
124509.894000 28.578338 -81.207732
124510.893000 28.578528 -81.207730
124511.893000 28.578720 -81.207728
124512.893000 28.578913 -81.207725
124513.893000 28.579108 -81.207723
124514.893000 28.579305 -81.207722
124515.893000 28.579502 -81.207720
124516.893000 28.579698 -81.207718
124517.893000 28.579893 -81.207718
124518.893000 28.580088 -81.207717
124519.893000 28.580278 -81.207717
124520.893000 28.580460 -81.207715
124521.893000 28.580627 -81.207715
124522.893000 28.580777 -81.207713
124523.893000 28.580910 -81.207712
124524.893000 28.581025 -81.207712
124525.893000 28.581123 -81.207712
124526.893000 28.581203 -81.207713
124527.892000 28.581260 -81.207712
124528.892000 28.581292 -81.207712
124529.892000 28.581302 -81.207712
124530.892000 28.581302 -81.207710
124531.892000 28.581298 -81.207708
124532.892000 28.581295 -81.207705
124533.892000 28.581292 -81.207703
124534.892000 28.581288 -81.207702
124535.892000 28.581287 -81.207702
124536.892000 28.581283 -81.207702
124537.892000 28.581282 -81.207702
124538.892000 28.581278 -81.207700
124539.892000 28.581275 -81.207698
124540.892000 28.581272 -81.207698
124541.892000 28.581268 -81.207697
124542.892000 28.581263 -81.207697
124543.892000 28.581260 -81.207695
124544.891000 28.581255 -81.207695
124545.891000 28.581252 -81.207697
124546.891000 28.581247 -81.207697
124547.891000 28.581243 -81.207698
124548.891000 28.581240 -81.207698
124549.891000 28.581238 -81.207702
124550.891000 28.581237 -81.207703
124551.891000 28.581235 -81.207705
124552.891000 28.581232 -81.207707
124553.891000 28.581230 -81.207710
124554.891000 28.581233 -81.207712
124555.891000 28.581253 -81.207712
124556.891000 28.581293 -81.207713
124557.891000 28.581348 -81.207715
124558.891000 28.581417 -81.207715
124559.891000 28.581505 -81.207713
124600.891000 28.581605 -81.207712
124601.890000 28.581717 -81.207710
124602.890000 28.581838 -81.207708
124603.890000 28.581968 -81.207707
124604.890000 28.582107 -81.207705
124605.890000 28.582255 -81.207703
124606.890000 28.582405 -81.207703
124607.890000 28.582558 -81.207703
124608.890000 28.582717 -81.207703
124609.890000 28.582880 -81.207703
124610.890000 28.583050 -81.207702
124609.890000 28.583223 -81.207702
124610.890000 28.583402 -81.207700
124611.890000 28.583585 -81.207700
124612.890000 28.583773 -81.207702
124613.890000 28.583968 -81.207702
124614.890000 28.584165 -81.207703
124615.890000 28.584365 -81.207705
124616.890000 28.584567 -81.207708
124617.889000 28.584770 -81.207708
124618.889000 28.584977 -81.207710
124619.889000 28.585185 -81.207712
124620.889000 28.585395 -81.207715
124621.889000 28.585607 -81.207720
124622.889000 28.585820 -81.207728
124623.889000 28.586033 -81.207745
124624.889000 28.586245 -81.207772
124625.889000 28.586453 -81.207807
124626.889000 28.586655 -81.207850
124627.889000 28.586850 -81.207902
124628.889000 28.587042 -81.207960
124629.889000 28.587228 -81.208025
124630.889000 28.587415 -81.208092
124631.889000 28.587602 -81.208157
124632.889000 28.587790 -81.208223
124633.889000 28.587983 -81.208288
124634.888000 28.588178 -81.208353
124635.888000 28.588373 -81.208417
124636.888000 28.588568 -81.208478
124637.888000 28.588763 -81.208537
124638.888000 28.588955 -81.208598
124639.888000 28.589148 -81.208657
124640.888000 28.589347 -81.208713
124641.888000 28.589548 -81.208770
124642.888000 28.589753 -81.208827
124643.888000 28.589958 -81.208880
124644.888000 28.590163 -81.208927
124645.888000 28.590367 -81.208962
124646.888000 28.590565 -81.208985
124647.888000 28.590762 -81.208998
124648.888000 28.590958 -81.209002
124649.888000 28.591152 -81.208997
124650.888000 28.591347 -81.208983
124651.887000 28.591540 -81.208962
124652.887000 28.591733 -81.208930
124653.887000 28.591927 -81.208890
124654.887000 28.592118 -81.208843
124655.887000 28.592308 -81.208787
124656.887000 28.592492 -81.208725
124657.887000 28.592672 -81.208662
124658.887000 28.592850 -81.208597
124659.887000 28.593027 -81.208530
124700.887000 28.593207 -81.208463
124701.887000 28.593388 -81.208398
124702.887000 28.593572 -81.208332
124703.887000 28.593757 -81.208263
124704.887000 28.593942 -81.208198
124705.887000 28.594127 -81.208132
124706.887000 28.594312 -81.208067
124707.887000 28.594497 -81.208000
124708.887000 28.594682 -81.207935
124709.886000 28.594870 -81.207870
124710.886000 28.595058 -81.207812
124711.886000 28.595250 -81.207758
124712.886000 28.595445 -81.207712
124713.886000 28.595642 -81.207675
124714.886000 28.595840 -81.207648
124715.886000 28.596040 -81.207628
124716.886000 28.596237 -81.207613
124717.886000 28.596425 -81.207603
124718.886000 28.596598 -81.207595
124719.886000 28.596758 -81.207590
124720.886000 28.596897 -81.207587
124721.886000 28.597017 -81.207587
124722.886000 28.597118 -81.207588
124723.886000 28.597205 -81.207590
124724.886000 28.597278 -81.207590
124725.886000 28.597332 -81.207593
124726.885000 28.597367 -81.207595
124727.885000 28.597387 -81.207597
124728.885000 28.597393 -81.207597
124729.885000 28.597393 -81.207597
124730.885000 28.597390 -81.207598
124731.885000 28.597388 -81.207600
124732.885000 28.597387 -81.207602
124733.885000 28.597385 -81.207602
124734.885000 28.597385 -81.207602
124735.885000 28.597383 -81.207602
124736.885000 28.597383 -81.207600
124737.885000 28.597382 -81.207600
124738.885000 28.597378 -81.207598
124739.885000 28.597377 -81.207597
124740.885000 28.597375 -81.207595
124741.885000 28.597373 -81.207595
124742.885000 28.597373 -81.207595
124743.884000 28.597372 -81.207595
124744.884000 28.597370 -81.207595
124745.884000 28.597368 -81.207595
124746.884000 28.597367 -81.207593
124747.884000 28.597365 -81.207593
124748.884000 28.597363 -81.207592
124749.884000 28.597362 -81.207590
124750.884000 28.597360 -81.207588
124751.884000 28.597358 -81.207585
124752.884000 28.597357 -81.207582
124753.884000 28.597355 -81.207578
124754.884000 28.597353 -81.207573
124755.884000 28.597352 -81.207568
124756.884000 28.597350 -81.207563
124757.884000 28.597347 -81.207558
124758.884000 28.597345 -81.207555
124759.884000 28.597343 -81.207552
124800.884000 28.597342 -81.207550
124801.883000 28.597338 -81.207548
124802.883000 28.597337 -81.207548
124803.883000 28.597335 -81.207548
124804.883000 28.597335 -81.207548
124805.883000 28.597333 -81.207552
124806.883000 28.597333 -81.207555
124807.883000 28.597332 -81.207558
124808.883000 28.597332 -81.207563
124809.883000 28.597330 -81.207568
124810.883000 28.597330 -81.207572
124811.883000 28.597328 -81.207575
124812.883000 28.597327 -81.207578
124813.883000 28.597325 -81.207578
124814.883000 28.597323 -81.207578
124815.883000 28.597322 -81.207578
124816.883000 28.597320 -81.207578
124817.883000 28.597318 -81.207577
124818.882000 28.597317 -81.207575
124819.882000 28.597315 -81.207573
124820.882000 28.597315 -81.207573
124821.882000 28.597315 -81.207573
124822.882000 28.597317 -81.207575
124823.882000 28.597320 -81.207577
124824.882000 28.597322 -81.207578
124825.882000 28.597323 -81.207582
124826.882000 28.597325 -81.207583
124827.882000 28.597327 -81.207587
124828.882000 28.597328 -81.207590
124829.882000 28.597338 -81.207592
124830.882000 28.597358 -81.207595
124831.882000 28.597383 -81.207597
124832.882000 28.597407 -81.207598
124833.882000 28.597427 -81.207600
124834.882000 28.597447 -81.207600
124835.881000 28.597463 -81.207602
124836.881000 28.597477 -81.207603
124837.881000 28.597483 -81.207603
124838.881000 28.597483 -81.207605
124839.881000 28.597483 -81.207605
124840.881000 28.597480 -81.207605
124841.881000 28.597478 -81.207607
124842.881000 28.597477 -81.207607
124843.881000 28.597477 -81.207607
124844.881000 28.597488 -81.207608
124845.881000 28.597523 -81.207607
124846.881000 28.597573 -81.207595
124847.881000 28.597628 -81.207565
124848.881000 28.597680 -81.207505
124849.881000 28.597720 -81.207412
124850.881000 28.597753 -81.207295
124851.881000 28.597790 -81.207163
124852.881000 28.597838 -81.207022
124853.880000 28.597905 -81.206877
124854.880000 28.597993 -81.206730
124855.880000 28.598098 -81.206592
124856.880000 28.598210 -81.206462
124857.880000 28.598318 -81.206338
124858.880000 28.598425 -81.206218
124859.880000 28.598527 -81.206103
124900.880000 28.598627 -81.205992
124901.880000 28.598722 -81.205883
124902.880000 28.598810 -81.205785
124903.880000 28.598892 -81.205690
124904.880000 28.598962 -81.205595
124905.880000 28.599015 -81.205495
124906.880000 28.599053 -81.205392
124907.880000 28.599087 -81.205290
124908.880000 28.599118 -81.205195
124909.880000 28.599158 -81.205112
124910.879000 28.599215 -81.205052
124911.879000 28.599282 -81.205030
124912.879000 28.599345 -81.205038
124913.879000 28.599393 -81.205062
124914.879000 28.599437 -81.205088
124915.879000 28.599478 -81.205115
124916.879000 28.599520 -81.205140
124917.879000 28.599563 -81.205165
124918.879000 28.599605 -81.205190
124919.879000 28.599648 -81.205215
124920.879000 28.599690 -81.205240
124921.879000 28.599733 -81.205265
124922.879000 28.599775 -81.205290
124923.879000 28.599818 -81.205315
124924.879000 28.599860 -81.205340
124925.879000 28.599903 -81.205365
124926.879000 28.599945 -81.205390
124927.878000 28.599988 -81.205415
124928.878000 28.600030 -81.205440
124929.878000 28.600030 -81.205440
124930.878000 28.600030 -81.205440
124931.878000 28.600030 -81.205440
124932.878000 28.600030 -81.205440
124933.878000 28.600030 -81.205440
124934.878000 28.600030 -81.205440
124935.878000 28.600030 -81.205440
124936.878000 28.600030 -81.205440
124937.878000 28.600030 -81.205440
124938.878000 28.600030 -81.205440
124939.878000 28.600030 -81.205440
124940.878000 28.600030 -81.205440
124941.878000 28.600030 -81.205440
124942.878000 28.600030 -81.205440
124943.878000 28.600030 -81.205440
124944.878000 28.600030 -81.205440
124945.877000 28.600030 -81.205440
124946.877000 28.600030 -81.205440
124947.877000 28.600030 -81.205440
124948.877000 28.600030 -81.205440
124949.877000 28.600030 -81.205440
124950.877000 28.600030 -81.205440
124951.877000 28.600030 -81.205440
124952.877000 28.600030 -81.205440
124953.877000 28.600030 -81.205440
124954.877000 28.600030 -81.205440
124955.877000 28.600030 -81.205440
124956.877000 28.600030 -81.205440
124957.877000 28.600030 -81.205440
124958.877000 28.600030 -81.205440
124959.877000 28.600030 -81.205440
125000.877000 28.600030 -81.205440
125001.877000 28.600030 -81.205440
125002.876000 28.600030 -81.205440
125003.876000 28.600030 -81.205440
125004.876000 28.600030 -81.205440
125005.876000 28.600030 -81.205440
125006.876000 28.600030 -81.205440
125007.876000 28.600030 -81.205440
125008.876000 28.600030 -81.205440
125009.876000 28.600030 -81.205440
125010.876000 28.600030 -81.205440
125011.876000 28.600030 -81.205440
125012.876000 28.600030 -81.205440
125013.876000 28.600030 -81.205440
125014.876000 28.600030 -81.205440
125015.876000 28.600030 -81.205440
125016.876000 28.600030 -81.205440
125017.876000 28.600030 -81.205440
125018.876000 28.600030 -81.205440
125019.875000 28.600030 -81.205440
125020.875000 28.600030 -81.205440
125021.875000 28.600030 -81.205440
125022.875000 28.600030 -81.205440
125023.875000 28.600030 -81.205440
125024.875000 28.600030 -81.205440
125025.875000 28.600030 -81.205440
125026.875000 28.600030 -81.205440
