124806.208000 0.000000 0.000000
124807.208000 0.000000 0.000000
124808.208000 0.000000 0.000000
124809.208000 0.000000 0.000000
124810.208000 0.000000 0.000000
124811.208000 0.000000 0.000000
124812.207000 0.000000 0.000000
124813.207000 0.000000 0.000000
124814.207000 0.000000 0.000000
124815.207000 0.000000 0.000000
124816.207000 0.000000 0.000000
124817.207000 0.000000 0.000000
124818.207000 0.000000 0.000000
124819.207000 0.000000 0.000000
124820.207000 0.000000 0.000000
124821.207000 0.000000 0.000000
124822.207000 0.000000 0.000000
124823.207000 0.000000 0.000000
124824.207000 0.000000 0.000000
124825.207000 0.000000 0.000000
124826.207000 0.000000 0.000000
124827.207000 0.000000 0.000000
124828.206000 0.000000 0.000000
124829.206000 0.000000 0.000000
124830.206000 0.000000 0.000000
124831.206000 0.000000 0.000000
124832.207000 28.538823 -81.198065
124833.207000 28.538837 -81.198192
124834.207000 28.538912 -81.198512
124835.207000 28.538915 -81.198660
124836.207000 28.538848 -81.198622
124837.207000 28.538838 -81.198728
124838.207000 28.538830 -81.198855
124839.207000 28.538807 -81.198980
124840.207000 28.538762 -81.199100
124841.207000 28.538702 -81.199210
124842.207000 28.538630 -81.199303
124843.207000 28.538560 -81.199378
124844.207000 28.538497 -81.199442
124845.207000 28.538447 -81.199493
124846.207000 28.538413 -81.199530
124847.207000 28.538398 -81.199548
124848.207000 28.538393 -81.199553
124849.206000 28.538385 -81.199565
124850.206000 28.538377 -81.199600
124851.206000 28.538375 -81.199652
124852.206000 28.538397 -81.199718
124853.206000 28.538443 -81.199800
124854.206000 28.538503 -81.199893
124855.206000 28.538572 -81.199993
124856.206000 28.538645 -81.200102
124857.206000 28.538723 -81.200220
124858.206000 28.538802 -81.200340
124859.206000 28.538882 -81.200455
124900.206000 28.538962 -81.200567
124901.206000 28.539048 -81.200673
124902.206000 28.539138 -81.200775
124903.206000 28.539233 -81.200870
124904.206000 28.539335 -81.200960
124905.206000 28.539443 -81.201042
124906.205000 28.539558 -81.201115
124907.205000 28.539680 -81.201180
124908.205000 28.539803 -81.201237
124909.205000 28.539932 -81.201282
124910.205000 28.540063 -81.201317
124911.205000 28.540198 -81.201338
124912.205000 28.540333 -81.201350
124913.205000 28.540470 -81.201352
124914.205000 28.540607 -81.201342
124915.205000 28.540742 -81.201322
124916.205000 28.540877 -81.201292
124917.205000 28.541008 -81.201258
124918.205000 28.541138 -81.201225
124919.205000 28.541268 -81.201192
124920.205000 28.541398 -81.201160
124921.205000 28.541528 -81.201127
124922.205000 28.541658 -81.201095
124923.204000 28.541787 -81.201063
124924.204000 28.541917 -81.201032
124925.204000 28.542047 -81.201000
124926.204000 28.542178 -81.200968
124927.204000 28.542310 -81.200935
124928.204000 28.542438 -81.200902
124929.204000 28.542568 -81.200865
124930.204000 28.542698 -81.200827
124931.204000 28.542827 -81.200785
124932.204000 28.542953 -81.200737
124933.204000 28.543077 -81.200680
124934.204000 28.543198 -81.200615
124935.204000 28.543315 -81.200542
124936.204000 28.543427 -81.200463
124937.204000 28.543533 -81.200380
124938.204000 28.543635 -81.200290
124939.204000 28.543733 -81.200193
124940.203000 28.543828 -81.200090
124941.203000 28.543922 -81.199982
124942.203000 28.544015 -81.199870
124943.203000 28.544108 -81.199760
124944.203000 28.544203 -81.199648
124945.203000 28.544300 -81.199535
124946.203000 28.544395 -81.199423
124947.203000 28.544488 -81.199312
124948.203000 28.544582 -81.199202
124949.203000 28.544672 -81.199097
124950.203000 28.544757 -81.199000
124951.203000 28.544832 -81.198915
124952.203000 28.544893 -81.198843
124953.203000 28.544942 -81.198790
124954.203000 28.544977 -81.198750
124955.203000 28.544998 -81.198728
124956.203000 28.545010 -81.198717
124957.202000 28.545012 -81.198713
124958.202000 28.545012 -81.198715
124959.202000 28.545010 -81.198722
125000.202000 28.545008 -81.198722
125001.202000 28.545007 -81.198722
125002.202000 28.545005 -81.198720
125003.202000 28.545003 -81.198718
125004.202000 28.545002 -81.198717
125005.202000 28.545000 -81.198715
125006.202000 28.544997 -81.198713
125007.202000 28.544993 -81.198712
125008.202000 28.544990 -81.198712
125009.202000 28.544988 -81.198712
125010.202000 28.544985 -81.198712
125011.202000 28.544982 -81.198712
125012.202000 28.544978 -81.198710
125013.202000 28.544975 -81.198708
125014.201000 28.544970 -81.198705
125015.201000 28.544967 -81.198703
125016.201000 28.544963 -81.198698
125017.201000 28.544960 -81.198695
125018.201000 28.544957 -81.198690
125019.201000 28.544953 -81.198687
125020.201000 28.544950 -81.198683
125021.201000 28.544948 -81.198680
125022.201000 28.544947 -81.198680
125023.201000 28.544943 -81.198678
125024.201000 28.544942 -81.198678
125025.201000 28.544938 -81.198680
125026.201000 28.544937 -81.198683
125027.201000 28.544943 -81.198678
125028.201000 28.544965 -81.198658
125029.201000 28.544998 -81.198627
125030.201000 28.545043 -81.198583
125031.200000 28.545098 -81.198538
125032.200000 28.545170 -81.198503
125033.200000 28.545257 -81.198493
125034.200000 28.545350 -81.198518
125035.200000 28.545442 -81.198577
125036.200000 28.545525 -81.198657
125037.200000 28.545607 -81.198745
125038.200000 28.545688 -81.198840
125039.200000 28.545773 -81.198938
125040.200000 28.545862 -81.199040
125041.200000 28.545950 -81.199150
125042.200000 28.546038 -81.199267
125043.200000 28.546125 -81.199385
125044.200000 28.546207 -81.199507
125045.200000 28.546285 -81.199632
125046.200000 28.546358 -81.199762
125047.200000 28.546428 -81.199892
125048.199000 28.546492 -81.200025
125049.199000 28.546553 -81.200162
125050.199000 28.546610 -81.200303
125051.199000 28.546665 -81.200450
125052.199000 28.546713 -81.200598
125053.199000 28.546758 -81.200748
125054.199000 28.546795 -81.200900
125055.199000 28.546828 -81.201055
125056.199000 28.546858 -81.201210
125057.199000 28.546880 -81.201367
125058.199000 28.546897 -81.201522
125059.199000 28.546907 -81.201677
125100.199000 28.546913 -81.201828
125101.199000 28.546917 -81.201973
125102.199000 28.546917 -81.202115
125103.199000 28.546915 -81.202253
125104.199000 28.546913 -81.202388
125105.198000 28.546917 -81.202518
125106.198000 28.546923 -81.202645
125107.198000 28.546932 -81.202763
125108.198000 28.546935 -81.202870
125109.198000 28.546937 -81.202955
125110.198000 28.546937 -81.203017
125109.198000 28.546935 -81.203055
125110.198000 28.546933 -81.203073
125111.198000 28.546933 -81.203082
125112.198000 28.546933 -81.203083
125113.198000 28.546933 -81.203082
125114.198000 28.546937 -81.203082
125115.198000 28.546940 -81.203082
125116.198000 28.546943 -81.203087
125117.198000 28.546945 -81.203107
125118.198000 28.546947 -81.203147
125119.198000 28.546945 -81.203197
125120.198000 28.546945 -81.203255
125121.197000 28.546943 -81.203318
125122.197000 28.546943 -81.203385
125123.197000 28.546943 -81.203452
125124.197000 28.546943 -81.203518
125125.197000 28.546948 -81.203580
125126.197000 28.546970 -81.203643
125127.197000 28.547017 -81.203702
125128.197000 28.547090 -81.203745
125129.197000 28.547185 -81.203765
125130.197000 28.547292 -81.203772
125131.197000 28.547412 -81.203773
125132.197000 28.547547 -81.203773
125133.197000 28.547695 -81.203772
125134.197000 28.547857 -81.203770
125135.197000 28.548028 -81.203768
125136.197000 28.548208 -81.203767
125137.197000 28.548397 -81.203765
125138.196000 28.548588 -81.203765
125139.196000 28.548783 -81.203763
125140.196000 28.548972 -81.203763
125141.196000 28.549160 -81.203762
125142.196000 28.549347 -81.203763
125143.196000 28.549533 -81.203767
125144.196000 28.549720 -81.203778
125145.196000 28.549907 -81.203798
125146.196000 28.550093 -81.203832
125147.196000 28.550282 -81.203873
125148.196000 28.550470 -81.203917
125149.196000 28.550660 -81.203967
125150.196000 28.550850 -81.204023
125151.196000 28.551038 -81.204090
125152.196000 28.551225 -81.204165
125153.196000 28.551408 -81.204250
125154.196000 28.551587 -81.204340
125155.195000 28.551757 -81.204435
125156.195000 28.551922 -81.204535
125157.195000 28.552077 -81.204635
125158.195000 28.552222 -81.204735
125159.195000 28.552357 -81.204830
125200.195000 28.552480 -81.204918
125201.195000 28.552593 -81.204997
125202.195000 28.552695 -81.205070
125203.195000 28.552785 -81.205133
125204.195000 28.552863 -81.205190
125205.195000 28.552928 -81.205238
125206.195000 28.552982 -81.205275
125207.195000 28.553020 -81.205303
125208.195000 28.553043 -81.205320
125209.195000 28.553053 -81.205327
125210.195000 28.553057 -81.205327
125211.195000 28.553055 -81.205323
125212.194000 28.553053 -81.205318
125213.194000 28.553052 -81.205313
125214.194000 28.553050 -81.205310
125215.194000 28.553047 -81.205305
125216.194000 28.553045 -81.205302
125217.194000 28.553042 -81.205300
125218.194000 28.553040 -81.205298
125219.194000 28.553038 -81.205298
125220.194000 28.553037 -81.205298
125221.194000 28.553035 -81.205298
125222.194000 28.553035 -81.205300
125223.194000 28.553035 -81.205300
125224.194000 28.553033 -81.205298
125225.194000 28.553033 -81.205298
125226.194000 28.553032 -81.205297
125227.194000 28.553028 -81.205295
125228.194000 28.553027 -81.205293
125229.193000 28.553025 -81.205293
125230.193000 28.553023 -81.205292
125231.193000 28.553022 -81.205292
125232.193000 28.553020 -81.205290
125233.193000 28.553018 -81.205290
125234.193000 28.553015 -81.205290
125235.193000 28.553013 -81.205292
125236.193000 28.553013 -81.205293
125237.193000 28.553013 -81.205295
125238.193000 28.553012 -81.205297
125239.193000 28.553012 -81.205297
125240.193000 28.553010 -81.205298
125241.193000 28.553008 -81.205298
125242.193000 28.553005 -81.205298
125243.193000 28.553003 -81.205298
125244.193000 28.553003 -81.205298
125245.193000 28.553002 -81.205298
125246.192000 28.553002 -81.205298
125247.192000 28.553002 -81.205300
125248.192000 28.553002 -81.205302
125249.192000 28.553003 -81.205302
125250.192000 28.553003 -81.205303
125251.192000 28.553003 -81.205303
125252.192000 28.553005 -81.205303
125253.192000 28.553007 -81.205303
125254.192000 28.553017 -81.205310
125255.192000 28.553050 -81.205332
125256.192000 28.553103 -81.205367
125257.192000 28.553173 -81.205413
125258.192000 28.553258 -81.205472
125259.192000 28.553358 -81.205542
125300.192000 28.553468 -81.205618
125301.192000 28.553588 -81.205700
125302.192000 28.553713 -81.205787
125303.192000 28.553847 -81.205877
125304.191000 28.553987 -81.205972
125305.191000 28.554130 -81.206068
125306.191000 28.554277 -81.206168
125307.191000 28.554427 -81.206270
125308.191000 28.554582 -81.206370
125309.191000 28.554742 -81.206467
125310.191000 28.554903 -81.206555
125311.191000 28.555068 -81.206637
125312.191000 28.555237 -81.206712
125313.191000 28.555410 -81.206780
125314.191000 28.555588 -81.206843
125315.191000 28.555770 -81.206898
125316.191000 28.555955 -81.206945
125317.191000 28.556140 -81.206985
125318.191000 28.556323 -81.207015
125319.191000 28.556503 -81.207038
125320.191000 28.556682 -81.207053
125321.190000 28.556857 -81.207060
125322.190000 28.557028 -81.207062
125323.190000 28.557198 -81.207063
125324.190000 28.557372 -81.207065
125325.190000 28.557548 -81.207067
125326.190000 28.557728 -81.207070
125327.190000 28.557907 -81.207072
125328.190000 28.558088 -81.207073
125329.190000 28.558273 -81.207075
125330.190000 28.558458 -81.207078
125331.190000 28.558643 -81.207082
125332.190000 28.558828 -81.207083
125333.190000 28.559013 -81.207087
125334.190000 28.559202 -81.207090
125335.190000 28.559390 -81.207093
125336.190000 28.559582 -81.207097
125337.190000 28.559775 -81.207100
125338.189000 28.559970 -81.207102
125339.189000 28.560165 -81.207105
125340.189000 28.560360 -81.207108
125341.189000 28.560552 -81.207112
125342.189000 28.560742 -81.207115
125343.189000 28.560930 -81.207120
125344.189000 28.561117 -81.207123
125345.189000 28.561303 -81.207127
125346.189000 28.561493 -81.207130
125347.189000 28.561683 -81.207135
125348.189000 28.561878 -81.207142
125349.189000 28.562075 -81.207147
125350.189000 28.562273 -81.207155
125351.189000 28.562475 -81.207163
125352.189000 28.562675 -81.207172
125353.189000 28.562873 -81.207180
125354.189000 28.563073 -81.207188
125355.188000 28.563273 -81.207198
125356.188000 28.563473 -81.207210
125357.188000 28.563672 -81.207225
125358.188000 28.563867 -81.207242
125359.188000 28.564060 -81.207262
125400.188000 28.564248 -81.207282
125401.188000 28.564435 -81.207302
125402.188000 28.564617 -81.207322
125403.188000 28.564795 -81.207343
125404.188000 28.564968 -81.207365
125405.188000 28.565135 -81.207390
125406.188000 28.565292 -81.207418
125407.188000 28.565442 -81.207450
125408.188000 28.565585 -81.207482
125409.188000 28.565722 -81.207510
125410.188000 28.565853 -81.207537
125411.188000 28.565975 -81.207558
125412.187000 28.566085 -81.207577
125413.187000 28.566182 -81.207590
125414.187000 28.566265 -81.207600
125415.187000 28.566337 -81.207608
125416.187000 28.566397 -81.207613
125417.187000 28.566447 -81.207615
125418.187000 28.566485 -81.207617
125419.187000 28.566510 -81.207617
125420.187000 28.566523 -81.207617
125421.187000 28.566533 -81.207617
125422.187000 28.566540 -81.207617
125423.187000 28.566538 -81.207617
125424.187000 28.566535 -81.207618
125425.187000 28.566530 -81.207618
125426.187000 28.566525 -81.207618
125427.187000 28.566522 -81.207617
125428.187000 28.566518 -81.207617
125429.187000 28.566515 -81.207615
125430.186000 28.566512 -81.207613
125431.186000 28.566508 -81.207610
125432.186000 28.566505 -81.207607
125433.186000 28.566500 -81.207603
125434.186000 28.566498 -81.207598
125435.186000 28.566495 -81.207595
125436.186000 28.566492 -81.207593
125437.186000 28.566488 -81.207592
125438.186000 28.566485 -81.207590
125439.186000 28.566482 -81.207590
125440.186000 28.566478 -81.207590
125441.186000 28.566477 -81.207590
125442.186000 28.566475 -81.207590
125443.186000 28.566473 -81.207592
125444.186000 28.566473 -81.207592
125445.186000 28.566473 -81.207593
125446.186000 28.566473 -81.207595
125447.185000 28.566473 -81.207597
125448.185000 28.566473 -81.207598
125449.185000 28.566473 -81.207598
125450.185000 28.566473 -81.207600
125451.185000 28.566473 -81.207602
125452.185000 28.566473 -81.207602
125453.185000 28.566473 -81.207603
125454.185000 28.566473 -81.207603
125455.185000 28.566475 -81.207605
125456.185000 28.566475 -81.207607
125457.185000 28.566473 -81.207608
125458.185000 28.566473 -81.207610
125459.185000 28.566473 -81.207610
125500.185000 28.566473 -81.207610
125501.185000 28.566472 -81.207608
125502.185000 28.566472 -81.207608
125503.185000 28.566472 -81.207607
125504.184000 28.566472 -81.207607
125505.184000 28.566473 -81.207607
125506.184000 28.566473 -81.207605
125507.184000 28.566473 -81.207605
125508.184000 28.566473 -81.207605
125509.184000 28.566475 -81.207605
125510.184000 28.566477 -81.207607
125511.184000 28.566478 -81.207607
125512.184000 28.566482 -81.207610
125513.184000 28.566483 -81.207612
125514.184000 28.566485 -81.207615
125515.184000 28.566487 -81.207617
125516.184000 28.566488 -81.207618
125517.184000 28.566490 -81.207620
125518.184000 28.566492 -81.207620
125519.184000 28.566492 -81.207620
125520.184000 28.566493 -81.207620
125521.184000 28.566493 -81.207620
125522.183000 28.566493 -81.207618
125523.183000 28.566493 -81.207615
125524.183000 28.566493 -81.207613
125525.183000 28.566493 -81.207612
125526.183000 28.566493 -81.207608
125527.183000 28.566492 -81.207608
125528.183000 28.566493 -81.207608
125529.183000 28.566493 -81.207608
125530.183000 28.566493 -81.207608
125531.183000 28.566493 -81.207610
125532.183000 28.566493 -81.207610
125533.183000 28.566492 -81.207612
125534.183000 28.566490 -81.207612
125535.183000 28.566488 -81.207613
125536.183000 28.566488 -81.207615
125537.183000 28.566487 -81.207617
125538.183000 28.566485 -81.207617
125539.182000 28.566483 -81.207618
125540.182000 28.566483 -81.207617
125541.182000 28.566495 -81.207617
125542.182000 28.566528 -81.207618
125543.182000 28.566578 -81.207620
125544.182000 28.566643 -81.207622
125545.182000 28.566718 -81.207625
125546.182000 28.566805 -81.207630
125547.182000 28.566905 -81.207635
125548.182000 28.567018 -81.207640
125549.182000 28.567145 -81.207645
125550.182000 28.567287 -81.207650
125551.182000 28.567435 -81.207655
125552.182000 28.567592 -81.207658
125553.182000 28.567755 -81.207663
125554.182000 28.567920 -81.207668
125555.182000 28.568087 -81.207675
125556.181000 28.568253 -81.207683
125557.181000 28.568422 -81.207692
125558.181000 28.568592 -81.207702
125559.181000 28.568763 -81.207710
125600.181000 28.568940 -81.207717
125601.181000 28.569117 -81.207722
125602.181000 28.569298 -81.207728
125603.181000 28.569483 -81.207732
125604.181000 28.569672 -81.207733
125605.181000 28.569862 -81.207733
125606.181000 28.570055 -81.207730
125607.181000 28.570245 -81.207727
125608.181000 28.570435 -81.207722
125609.181000 28.570623 -81.207717
125610.181000 28.570813 -81.207713
125611.181000 28.571003 -81.207710
125612.181000 28.571190 -81.207708
125613.181000 28.571375 -81.207710
125614.180000 28.571558 -81.207710
125615.180000 28.571742 -81.207712
125616.180000 28.571920 -81.207715
125617.180000 28.572095 -81.207717
125618.180000 28.572268 -81.207718
125619.180000 28.572445 -81.207720
125620.180000 28.572628 -81.207722
125621.180000 28.572818 -81.207723
125622.180000 28.573013 -81.207727
125623.180000 28.573217 -81.207730
125624.180000 28.573423 -81.207733
125625.180000 28.573633 -81.207737
125626.180000 28.573843 -81.207742
125627.180000 28.574055 -81.207745
125628.180000 28.574267 -81.207748
125629.180000 28.574477 -81.207752
125630.180000 28.574688 -81.207755
125631.179000 28.574898 -81.207758
125632.179000 28.575105 -81.207762
125633.179000 28.575312 -81.207763
125634.179000 28.575520 -81.207765
125635.179000 28.575727 -81.207768
125636.179000 28.575933 -81.207770
125637.179000 28.576138 -81.207772
125638.179000 28.576343 -81.207772
125639.179000 28.576548 -81.207772
125640.179000 28.576753 -81.207772
125641.179000 28.576958 -81.207770
125642.179000 28.577167 -81.207767
125643.179000 28.577373 -81.207763
125644.179000 28.577578 -81.207758
125645.179000 28.577783 -81.207753
125646.179000 28.577985 -81.207748
125647.179000 28.578187 -81.207745
125648.178000 28.578388 -81.207743
125649.178000 28.578588 -81.207742
125650.178000 28.578790 -81.207740
125651.178000 28.578990 -81.207738
125652.178000 28.579190 -81.207735
125653.178000 28.579388 -81.207735
125654.178000 28.579585 -81.207733
125655.178000 28.579782 -81.207732
125656.178000 28.579977 -81.207730
125657.178000 28.580170 -81.207728
125658.178000 28.580363 -81.207725
125659.178000 28.580553 -81.207723
125700.178000 28.580738 -81.207722
125701.178000 28.580918 -81.207720
125702.178000 28.581092 -81.207718
125703.178000 28.581253 -81.207717
125704.178000 28.581403 -81.207715
125705.178000 28.581543 -81.207713
125706.177000 28.581673 -81.207713
125707.177000 28.581788 -81.207712
125708.177000 28.581885 -81.207712
125709.177000 28.581963 -81.207712
125710.177000 28.582028 -81.207712
125711.177000 28.582083 -81.207713
125712.177000 28.582133 -81.207715
125713.177000 28.582185 -81.207717
125714.177000 28.582245 -81.207717
125715.177000 28.582315 -81.207715
125716.177000 28.582398 -81.207713
125717.177000 28.582495 -81.207713
125718.177000 28.582602 -81.207713
125719.177000 28.582715 -81.207712
125720.177000 28.582830 -81.207712
125721.177000 28.582943 -81.207712
125722.177000 28.583060 -81.207712
125723.176000 28.583182 -81.207710
125724.176000 28.583312 -81.207710
125725.176000 28.583450 -81.207710
125726.176000 28.583597 -81.207708
125727.176000 28.583750 -81.207708
125728.176000 28.583907 -81.207710
125729.176000 28.584063 -81.207710
125730.176000 28.584223 -81.207710
125731.176000 28.584387 -81.207712
125732.176000 28.584552 -81.207712
125733.176000 28.584717 -81.207713
125734.176000 28.584885 -81.207715
125735.176000 28.585055 -81.207717
125736.176000 28.585227 -81.207718
125737.176000 28.585398 -81.207720
125738.176000 28.585568 -81.207723
125739.176000 28.585738 -81.207727
125740.175000 28.585908 -81.207733
125741.175000 28.586078 -81.207743
125742.175000 28.586253 -81.207762
125743.175000 28.586432 -81.207785
125744.175000 28.586615 -81.207818
125745.175000 28.586798 -81.207862
125746.175000 28.586982 -81.207917
125747.175000 28.587163 -81.207975
125748.175000 28.587342 -81.208038
125749.175000 28.587518 -81.208100
125750.175000 28.587692 -81.208160
125751.175000 28.587863 -81.208218
125752.175000 28.588038 -81.208277
125753.175000 28.588213 -81.208330
125754.175000 28.588393 -81.208383
125755.175000 28.588575 -81.208438
125756.175000 28.588755 -81.208497
125757.175000 28.588932 -81.208557
125758.174000 28.589108 -81.208617
125759.174000 28.589283 -81.208677
125800.174000 28.589458 -81.208735
125801.174000 28.589633 -81.208793
125802.174000 28.589808 -81.208847
125803.174000 28.589983 -81.208892
125804.174000 28.590157 -81.208930
125805.174000 28.590327 -81.208958
125806.174000 28.590493 -81.208978
125807.174000 28.590662 -81.208990
125808.174000 28.590830 -81.208995
125809.174000 28.591000 -81.208997
125810.174000 28.591172 -81.208992
125811.174000 28.591343 -81.208982
125812.174000 28.591515 -81.208963
125813.174000 28.591685 -81.208938
125814.174000 28.591853 -81.208907
125815.173000 28.592020 -81.208867
125816.173000 28.592183 -81.208822
125817.173000 28.592343 -81.208767
125818.173000 28.592497 -81.208702
125819.173000 28.592643 -81.208633
125820.173000 28.592787 -81.208572
125821.173000 28.592920 -81.208518
125822.173000 28.593038 -81.208473
125823.173000 28.593137 -81.208440
125824.173000 28.593220 -81.208410
125825.173000 28.593295 -81.208385
125826.173000 28.593367 -81.208357
125827.173000 28.593427 -81.208318
125828.173000 28.593468 -81.208258
125829.173000 28.593483 -81.208180
125830.173000 28.593475 -81.208092
125831.173000 28.593448 -81.207987
125832.173000 28.593418 -81.207878
125833.172000 28.593382 -81.207757
125834.172000 28.593342 -81.207627
125835.172000 28.593300 -81.207493
125836.172000 28.593262 -81.207362
125837.172000 28.593227 -81.207230
125838.172000 28.593198 -81.207100
125839.172000 28.593177 -81.206970
125840.172000 28.593165 -81.206842
125841.172000 28.593165 -81.206715
125842.172000 28.593175 -81.206587
125843.172000 28.593198 -81.206458
125844.172000 28.593232 -81.206332
125845.172000 28.593280 -81.206207
125846.172000 28.593338 -81.206087
125847.172000 28.593412 -81.205972
125848.172000 28.593495 -81.205867
125849.172000 28.593592 -81.205773
125850.171000 28.593695 -81.205690
125851.171000 28.593803 -81.205617
125852.171000 28.593908 -81.205547
125853.171000 28.594010 -81.205483
125854.171000 28.594110 -81.205422
125855.171000 28.594212 -81.205362
125856.171000 28.594315 -81.205300
125857.171000 28.594422 -81.205237
125858.171000 28.594528 -81.205170
125859.171000 28.594637 -81.205100
125900.171000 28.594745 -81.205032
125901.171000 28.594853 -81.204963
125902.171000 28.594962 -81.204892
125903.171000 28.595068 -81.204823
125904.171000 28.595175 -81.204755
125905.171000 28.595278 -81.204688
125906.171000 28.595380 -81.204622
125907.170000 28.595482 -81.204557
125908.170000 28.595582 -81.204492
125909.170000 28.595682 -81.204427
125910.170000 28.595783 -81.204362
125911.170000 28.595885 -81.204295
125912.170000 28.595987 -81.204228
125913.170000 28.596088 -81.204162
125914.170000 28.596188 -81.204098
125915.170000 28.596287 -81.204035
125916.170000 28.596378 -81.203977
125917.170000 28.596460 -81.203922
125918.170000 28.596535 -81.203872
125919.170000 28.596607 -81.203825
125920.170000 28.596673 -81.203778
125921.170000 28.596737 -81.203737
125922.170000 28.596795 -81.203697
125923.170000 28.596847 -81.203662
125924.170000 28.596893 -81.203632
125925.169000 28.596933 -81.203603
125926.169000 28.596968 -81.203582
125927.169000 28.597000 -81.203560
125928.169000 28.597030 -81.203542
125929.169000 28.597057 -81.203523
125930.169000 28.597082 -81.203507
125931.169000 28.597103 -81.203493
125932.169000 28.597118 -81.203483
125933.169000 28.597128 -81.203477
125934.169000 28.597138 -81.203470
125935.169000 28.597147 -81.203463
125936.169000 28.597152 -81.203460
125937.169000 28.597153 -81.203460
125938.169000 28.597155 -81.203460
125939.169000 28.597157 -81.203458
125940.169000 28.597157 -81.203457
125941.169000 28.597162 -81.203450
125942.168000 28.597172 -81.203438
125943.168000 28.597183 -81.203422
125944.168000 28.597190 -81.203412
125945.168000 28.597192 -81.203410
125946.168000 28.597192 -81.203408
125947.168000 28.597192 -81.203407
125948.168000 28.597192 -81.203407
125949.168000 28.597192 -81.203407
125950.168000 28.597193 -81.203402
125951.168000 28.597203 -81.203378
125952.168000 28.597213 -81.203337
125953.168000 28.597212 -81.203280
125954.168000 28.597192 -81.203210
125955.168000 28.597157 -81.203130
125956.168000 28.597117 -81.203047
125957.168000 28.597075 -81.202965
125958.168000 28.597037 -81.202887
125959.168000 28.597000 -81.202810
130000.167000 28.596963 -81.202735
130001.167000 28.596922 -81.202657
130002.167000 28.596885 -81.202582
130003.167000 28.596853 -81.202518
130004.167000 28.596837 -81.202483
130005.167000 28.596833 -81.202475
130006.167000 28.596832 -81.202473
130007.167000 28.596827 -81.202463
130008.167000 28.596813 -81.202433
130009.167000 28.596795 -81.202383
130010.167000 28.596772 -81.202317
130011.167000 28.596747 -81.202238
130012.167000 28.596722 -81.202150
130013.167000 28.596693 -81.202050
130014.167000 28.596662 -81.201947
130015.167000 28.596628 -81.201843
130016.167000 28.596588 -81.201743
130017.166000 28.596543 -81.201643
130018.166000 28.596492 -81.201545
130019.166000 28.596432 -81.201450
130020.166000 28.596368 -81.201355
130021.166000 28.596310 -81.201258
130022.166000 28.596263 -81.201157
130023.166000 28.596228 -81.201053
130024.166000 28.596207 -81.200945
130025.166000 28.596195 -81.200832
130026.166000 28.596195 -81.200713
130027.166000 28.596200 -81.200593
130028.166000 28.596212 -81.200468
130029.166000 28.596230 -81.200345
130030.166000 28.596253 -81.200222
130031.166000 28.596280 -81.200100
130032.166000 28.596307 -81.199978
130033.166000 28.596330 -81.199857
130034.165000 28.596348 -81.199737
130035.165000 28.596363 -81.199613
130036.165000 28.596370 -81.199490
130037.165000 28.596372 -81.199367
130038.165000 28.596368 -81.199243
130039.165000 28.596360 -81.199122
130040.165000 28.596352 -81.199002
130041.165000 28.596348 -81.198883
130042.165000 28.596355 -81.198765
130043.165000 28.596375 -81.198648
130044.165000 28.596407 -81.198537
130045.165000 28.596453 -81.198432
130046.165000 28.596510 -81.198333
130047.165000 28.596575 -81.198242
130048.165000 28.596652 -81.198160
130049.165000 28.596735 -81.198087
130050.165000 28.596828 -81.198027
130051.165000 28.596927 -81.197980
130052.164000 28.597030 -81.197948
130053.164000 28.597133 -81.197928
130054.164000 28.597238 -81.197918
130055.164000 28.597342 -81.197908
130056.164000 28.597440 -81.197893
130057.164000 28.597530 -81.197865
130058.164000 28.597607 -81.197825
130059.164000 28.597667 -81.197782
130100.164000 28.597712 -81.197735
130101.164000 28.597743 -81.197695
130102.164000 28.597763 -81.197665
130103.164000 28.597773 -81.197648
130104.164000 28.597777 -81.197638
130105.164000 28.597777 -81.197635
130106.164000 28.597775 -81.197633
130107.164000 28.597773 -81.197633
130108.164000 28.597772 -81.197633
130109.163000 28.597772 -81.197632
130110.163000 28.597772 -81.197632
130111.163000 28.597773 -81.197633
130112.163000 28.597773 -81.197633
130113.163000 28.597773 -81.197633
130114.163000 28.597775 -81.197633
130115.163000 28.597775 -81.197633
130116.163000 28.597773 -81.197635
130117.163000 28.597772 -81.197637
130118.163000 28.597770 -81.197637
130119.163000 28.597768 -81.197638
130120.163000 28.597767 -81.197638
130121.163000 28.597767 -81.197638
130122.163000 28.597773 -81.197625
130123.163000 28.597792 -81.197597
130124.163000 28.597815 -81.197557
130125.163000 28.597848 -81.197502
130126.163000 28.597888 -81.197437
130127.162000 28.597935 -81.197362
130128.162000 28.597987 -81.197275
130129.162000 28.598045 -81.197183
130130.162000 28.598103 -81.197088
130131.162000 28.598165 -81.196988
130132.162000 28.598228 -81.196883
130133.162000 28.598293 -81.196777
130134.162000 28.598363 -81.196665
130135.162000 28.598433 -81.196552
130136.162000 28.598508 -81.196433
130137.162000 28.598585 -81.196310
130138.162000 28.598663 -81.196185
130139.162000 28.598743 -81.196057
130140.162000 28.598825 -81.195927
130141.162000 28.598907 -81.195797
130142.162000 28.598988 -81.195665
130143.162000 28.599070 -81.195537
130144.161000 28.599150 -81.195410
130145.161000 28.599230 -81.195283
130146.161000 28.599308 -81.195158
130147.161000 28.599392 -81.195038
130148.161000 28.599483 -81.194922
130149.161000 28.599582 -81.194815
130150.161000 28.599688 -81.194717
130151.161000 28.599803 -81.194628
130152.161000 28.599925 -81.194552
130153.161000 28.600052 -81.194485
130154.161000 28.600182 -81.194432
130155.161000 28.600315 -81.194392
130156.161000 28.600447 -81.194365
130157.161000 28.600580 -81.194353
130158.161000 28.600710 -81.194352
130159.161000 28.600840 -81.194353
130200.161000 28.600968 -81.194358
130201.160000 28.601090 -81.194362
130202.160000 28.601205 -81.194370
130203.160000 28.601305 -81.194380
130204.160000 28.601387 -81.194392
130205.160000 28.601447 -81.194405
130206.160000 28.601488 -81.194415
130207.160000 28.601518 -81.194425
130208.160000 28.601542 -81.194432
130209.160000 28.601563 -81.194435
130210.160000 28.601582 -81.194440
130211.160000 28.601595 -81.194443
130212.160000 28.601603 -81.194445
130213.160000 28.601613 -81.194445
130214.160000 28.601632 -81.194448
130215.160000 28.601660 -81.194450
130216.160000 28.601697 -81.194455
130217.160000 28.601740 -81.194460
130218.160000 28.601792 -81.194470
130219.159000 28.601845 -81.194497
130220.159000 28.601888 -81.194547
130221.159000 28.601917 -81.194615
130222.159000 28.601928 -81.194693
130223.159000 28.601927 -81.194780
130224.159000 28.601918 -81.194868
130225.159000 28.601907 -81.194952
130226.159000 28.601900 -81.195033
130227.159000 28.601900 -81.195112
130228.159000 28.601903 -81.195183
130229.159000 28.601912 -81.195252
130230.159000 28.601918 -81.195313
130231.159000 28.601925 -81.195370
130232.159000 28.601932 -81.195417
130233.159000 28.601935 -81.195450
130234.159000 28.601937 -81.195473
130235.159000 28.601937 -81.195492
130236.158000 28.601937 -81.195507
130237.158000 28.601938 -81.195520
130238.158000 28.601938 -81.195537
130239.158000 28.601938 -81.195555
130240.158000 28.601938 -81.195575
130241.158000 28.601940 -81.195593
130242.158000 28.601940 -81.195612
130243.158000 28.601940 -81.195632
130244.158000 28.601942 -81.195650
130245.158000 28.601942 -81.195668
130246.158000 28.601942 -81.195688
130247.158000 28.601942 -81.195707
130248.158000 28.601943 -81.195725
130249.158000 28.601943 -81.195745
130250.158000 28.601943 -81.195763
130251.158000 28.601945 -81.195782
130252.158000 28.601945 -81.195802
130253.158000 28.601945 -81.195822
130254.157000 28.601968 -81.195788
130255.157000 28.602078 -81.195800
130256.157000 28.602267 -81.195793
130257.157000 28.602398 -81.195782
130258.157000 28.602502 -81.195780
130259.157000 28.602583 -81.195777
130300.157000 28.602657 -81.195768
130301.157000 28.602722 -81.195780
130302.157000 28.602772 -81.195777
130303.157000 28.602790 -81.195800
130304.157000 28.602803 -81.195822
130305.157000 28.602812 -81.195825
130306.157000 28.602817 -81.195827
130307.157000 28.602825 -81.195827
130308.157000 28.602838 -81.195823
130309.157000 28.602847 -81.195818
130310.157000 28.602857 -81.195808
130311.156000 28.602873 -81.195793
130312.156000 28.602893 -81.195775
130313.156000 28.602912 -81.195755
130314.156000 28.602933 -81.195738
130315.156000 28.602955 -81.195720
130316.156000 28.602975 -81.195703
130317.156000 28.602997 -81.195687
130318.156000 28.603018 -81.195670
130319.156000 28.603020 -81.195643
130320.156000 28.603017 -81.195615
130321.156000 28.603017 -81.195588
130322.156000 28.602995 -81.195605
130323.156000 28.602988 -81.195605
130324.156000 28.602972 -81.195602
130325.156000 28.602958 -81.195598
130326.156000 28.602950 -81.195593
130327.156000 28.602943 -81.195588
130328.156000 28.602938 -81.195583
130329.155000 28.602935 -81.195577
130330.155000 28.602933 -81.195570
130331.155000 28.602932 -81.195562
130332.155000 28.602935 -81.195552
130333.155000 28.602942 -81.195540
130334.155000 28.602950 -81.195527
130335.155000 28.602958 -81.195515
130336.155000 28.602968 -81.195503
130337.155000 28.602980 -81.195490
130338.155000 28.602993 -81.195477
130339.155000 28.603007 -81.195463
130340.155000 28.603020 -81.195450
