124806.208000 0.000000 0.000000
124807.208000 0.000000 0.000000
124808.208000 0.000000 0.000000
124809.208000 0.000000 0.000000
124810.208000 0.000000 0.000000
124811.208000 0.000000 0.000000
124812.207000 0.000000 0.000000
124813.207000 0.000000 0.000000
124814.207000 0.000000 0.000000
124815.207000 0.000000 0.000000
124816.207000 0.000000 0.000000
124817.207000 0.000000 0.000000
124818.207000 0.000000 0.000000
124819.207000 0.000000 0.000000
124820.207000 0.000000 0.000000
124821.207000 0.000000 0.000000
124822.207000 0.000000 0.000000
124823.207000 0.000000 0.000000
124824.207000 0.000000 0.000000
124825.207000 0.000000 0.000000
124826.207000 0.000000 0.000000
124827.207000 0.000000 0.000000
124828.206000 0.000000 0.000000
124829.206000 0.000000 0.000000
124830.206000 0.000000 0.000000
124831.206000 0.000000 0.000000
124832.207000 28.538823 -9.864732
124833.207000 28.538837 -9.864858
124834.207000 28.538912 -9.865178
124835.207000 28.538915 -9.865327
124836.207000 28.538848 -9.865288
124837.207000 28.538838 -9.865395
124838.207000 28.538830 -9.865522
124839.207000 28.538807 -9.865647
124840.207000 28.538762 -9.865767
124841.207000 28.538702 -9.865877
124842.207000 28.538630 -9.865970
124843.207000 28.538560 -9.866045
124844.207000 28.538497 -9.866108
124845.207000 28.538447 -9.866160
124846.207000 28.538413 -9.866197
124847.207000 28.538398 -9.866215
124848.207000 28.538393 -9.866220
124849.206000 28.538385 -9.866232
124850.206000 28.538377 -9.866267
124851.206000 28.538375 -9.866318
124852.206000 28.538397 -9.866385
124853.206000 28.538443 -9.866467
124854.206000 28.538503 -9.866560
124855.206000 28.538572 -9.866660
124856.206000 28.538645 -9.866768
124857.206000 28.538723 -9.866887
124858.206000 28.538802 -9.867007
124859.206000 28.538882 -9.867122
124900.206000 28.538962 -9.867233
124901.206000 28.539048 -9.867340
124902.206000 28.539138 -9.867442
124903.206000 28.539233 -9.867537
124904.206000 28.539335 -9.867627
124905.206000 28.539443 -9.867708
124906.205000 28.539558 -9.867782
124907.205000 28.539680 -9.867847
124908.205000 28.539803 -9.867903
124909.205000 28.539932 -9.867948
124910.205000 28.540063 -9.867983
124911.205000 28.540198 -9.868005
124912.205000 28.540333 -9.868017
124913.205000 28.540470 -9.868018
124914.205000 28.540607 -9.868008
124915.205000 28.540742 -9.867988
124916.205000 28.540877 -9.867958
124917.205000 28.541008 -9.867925
124918.205000 28.541138 -9.867892
124919.205000 28.541268 -9.867858
124920.205000 28.541398 -9.867827
124921.205000 28.541528 -9.867793
124922.205000 28.541658 -9.867762
124923.204000 28.541787 -9.867730
124924.204000 28.541917 -9.867698
124925.204000 28.542047 -9.867667
124926.204000 28.542178 -9.867635
124927.204000 28.542310 -9.867602
124928.204000 28.542438 -9.867568
124929.204000 28.542568 -9.867532
124930.204000 28.542698 -9.867493
124931.204000 28.542827 -9.867452
124932.204000 28.542953 -9.867403
124933.204000 28.543077 -9.867347
124934.204000 28.543198 -9.867282
124935.204000 28.543315 -9.867208
124936.204000 28.543427 -9.867130
124937.204000 28.543533 -9.867047
124938.204000 28.543635 -9.866957
124939.204000 28.543733 -9.866860
124940.203000 28.543828 -9.866757
124941.203000 28.543922 -9.866648
124942.203000 28.544015 -9.866537
124943.203000 28.544108 -9.866427
124944.203000 28.544203 -9.866315
124945.203000 28.544300 -9.866202
124946.203000 28.544395 -9.866090
124947.203000 28.544488 -9.865978
124948.203000 28.544582 -9.865868
124949.203000 28.544672 -9.865763
124950.203000 28.544757 -9.865667
124951.203000 28.544832 -9.865582
124952.203000 28.544893 -9.865510
124953.203000 28.544942 -9.865457
124954.203000 28.544977 -9.865417
124955.203000 28.544998 -9.865395
124956.203000 28.545010 -9.865383
124957.202000 28.545012 -9.865380
124958.202000 28.545012 -9.865382
124959.202000 28.545010 -9.865388
125000.202000 28.545008 -9.865388
125001.202000 28.545007 -9.865388
125002.202000 28.545005 -9.865387
125003.202000 28.545003 -9.865385
125004.202000 28.545002 -9.865383
125005.202000 28.545000 -9.865382
125006.202000 28.544997 -9.865380
125007.202000 28.544993 -9.865378
125008.202000 28.544990 -9.865378
125009.202000 28.544988 -9.865378
125010.202000 28.544985 -9.865378
125011.202000 28.544982 -9.865378
125012.202000 28.544978 -9.865377
125013.202000 28.544975 -9.865375
125014.201000 28.544970 -9.865372
125015.201000 28.544967 -9.865370
125016.201000 28.544963 -9.865365
125017.201000 28.544960 -9.865362
125018.201000 28.544957 -9.865357
125019.201000 28.544953 -9.865353
125020.201000 28.544950 -9.865350
125021.201000 28.544948 -9.865347
125022.201000 28.544947 -9.865347
125023.201000 28.544943 -9.865345
125024.201000 28.544942 -9.865345
125025.201000 28.544938 -9.865347
125026.201000 28.544937 -9.865350
125027.201000 28.544943 -9.865345
125028.201000 28.544965 -9.865325
125029.201000 28.544998 -9.865293
125030.201000 28.545043 -9.865250
125031.200000 28.545098 -9.865205
125032.200000 28.545170 -9.865170
125033.200000 28.545257 -9.865160
125034.200000 28.545350 -9.865185
125035.200000 28.545442 -9.865243
125036.200000 28.545525 -9.865323
125037.200000 28.545607 -9.865412
125038.200000 28.545688 -9.865507
125039.200000 28.545773 -9.865605
125040.200000 28.545862 -9.865707
125041.200000 28.545950 -9.865817
125042.200000 28.546038 -9.865933
125043.200000 28.546125 -9.866052
125044.200000 28.546207 -9.866173
125045.200000 28.546285 -9.866298
125046.200000 28.546358 -9.866428
125047.200000 28.546428 -9.866558
125048.199000 28.546492 -9.866692
125049.199000 28.546553 -9.866828
125050.199000 28.546610 -9.866970
125051.199000 28.546665 -9.867117
125052.199000 28.546713 -9.867265
125053.199000 28.546758 -9.867415
125054.199000 28.546795 -9.867567
125055.199000 28.546828 -9.867722
125056.199000 28.546858 -9.867877
125057.199000 28.546880 -9.868033
125058.199000 28.546897 -9.868188
125059.199000 28.546907 -9.868343
125100.199000 28.546913 -9.868495
125101.199000 28.546917 -9.868640
125102.199000 28.546917 -9.868782
125103.199000 28.546915 -9.868920
125104.199000 28.546913 -9.869055
125105.198000 28.546917 -9.869185
125106.198000 28.546923 -9.869312
125107.198000 28.546932 -9.869430
125108.198000 28.546935 -9.869537
125109.198000 28.546937 -9.869622
125110.198000 28.546937 -9.869683
125109.198000 28.546935 -9.869722
125110.198000 28.546933 -9.869740
125111.198000 28.546933 -9.869748
125112.198000 28.546933 -9.869750
125113.198000 28.546933 -9.869748
125114.198000 28.546937 -9.869748
125115.198000 28.546940 -9.869748
125116.198000 28.546943 -9.869753
125117.198000 28.546945 -9.869773
125118.198000 28.546947 -9.869813
125119.198000 28.546945 -9.869863
125120.198000 28.546945 -9.869922
125121.197000 28.546943 -9.869985
125122.197000 28.546943 -9.870052
125123.197000 28.546943 -9.870118
125124.197000 28.546943 -9.870185
125125.197000 28.546948 -9.870247
125126.197000 28.546970 -9.870310
125127.197000 28.547017 -9.870368
125128.197000 28.547090 -9.870412
125129.197000 28.547185 -9.870432
125130.197000 28.547292 -9.870438
125131.197000 28.547412 -9.870440
125132.197000 28.547547 -9.870440
125133.197000 28.547695 -9.870438
125134.197000 28.547857 -9.870437
125135.197000 28.548028 -9.870435
125136.197000 28.548208 -9.870433
125137.197000 28.548397 -9.870432
125138.196000 28.548588 -9.870432
125139.196000 28.548783 -9.870430
125140.196000 28.548972 -9.870430
125141.196000 28.549160 -9.870428
125142.196000 28.549347 -9.870430
125143.196000 28.549533 -9.870433
125144.196000 28.549720 -9.870445
125145.196000 28.549907 -9.870465
125146.196000 28.550093 -9.870498
125147.196000 28.550282 -9.870540
125148.196000 28.550470 -9.870583
125149.196000 28.550660 -9.870633
125150.196000 28.550850 -9.870690
125151.196000 28.551038 -9.870757
125152.196000 28.551225 -9.870832
125153.196000 28.551408 -9.870917
125154.196000 28.551587 -9.871007
125155.195000 28.551757 -9.871102
125156.195000 28.551922 -9.871202
125157.195000 28.552077 -9.871302
125158.195000 28.552222 -9.871402
125159.195000 28.552357 -9.871497
125200.195000 28.552480 -9.871585
125201.195000 28.552593 -9.871663
125202.195000 28.552695 -9.871737
125203.195000 28.552785 -9.871800
125204.195000 28.552863 -9.871857
125205.195000 28.552928 -9.871905
125206.195000 28.552982 -9.871942
125207.195000 28.553020 -9.871970
125208.195000 28.553043 -9.871987
125209.195000 28.553053 -9.871993
125210.195000 28.553057 -9.871993
125211.195000 28.553055 -9.871990
125212.194000 28.553053 -9.871985
125213.194000 28.553052 -9.871980
125214.194000 28.553050 -9.871977
125215.194000 28.553047 -9.871972
125216.194000 28.553045 -9.871968
125217.194000 28.553042 -9.871967
125218.194000 28.553040 -9.871965
125219.194000 28.553038 -9.871965
125220.194000 28.553037 -9.871965
125221.194000 28.553035 -9.871965
125222.194000 28.553035 -9.871967
125223.194000 28.553035 -9.871967
125224.194000 28.553033 -9.871965
125225.194000 28.553033 -9.871965
125226.194000 28.553032 -9.871963
125227.194000 28.553028 -9.871962
125228.194000 28.553027 -9.871960
125229.193000 28.553025 -9.871960
125230.193000 28.553023 -9.871958
125231.193000 28.553022 -9.871958
125232.193000 28.553020 -9.871957
125233.193000 28.553018 -9.871957
125234.193000 28.553015 -9.871957
125235.193000 28.553013 -9.871958
125236.193000 28.553013 -9.871960
125237.193000 28.553013 -9.871962
125238.193000 28.553012 -9.871963
125239.193000 28.553012 -9.871963
125240.193000 28.553010 -9.871965
125241.193000 28.553008 -9.871965
125242.193000 28.553005 -9.871965
125243.193000 28.553003 -9.871965
125244.193000 28.553003 -9.871965
125245.193000 28.553002 -9.871965
125246.192000 28.553002 -9.871965
125247.192000 28.553002 -9.871967
125248.192000 28.553002 -9.871968
125249.192000 28.553003 -9.871968
125250.192000 28.553003 -9.871970
125251.192000 28.553003 -9.871970
125252.192000 28.553005 -9.871970
125253.192000 28.553007 -9.871970
125254.192000 28.553017 -9.871977
125255.192000 28.553050 -9.871998
125256.192000 28.553103 -9.872033
125257.192000 28.553173 -9.872080
125258.192000 28.553258 -9.872138
125259.192000 28.553358 -9.872208
125300.192000 28.553468 -9.872285
125301.192000 28.553588 -9.872367
125302.192000 28.553713 -9.872453
125303.192000 28.553847 -9.872543
125304.191000 28.553987 -9.872638
125305.191000 28.554130 -9.872735
125306.191000 28.554277 -9.872835
125307.191000 28.554427 -9.872937
125308.191000 28.554582 -9.873037
125309.191000 28.554742 -9.873133
125310.191000 28.554903 -9.873222
125311.191000 28.555068 -9.873303
125312.191000 28.555237 -9.873378
125313.191000 28.555410 -9.873447
125314.191000 28.555588 -9.873510
125315.191000 28.555770 -9.873565
125316.191000 28.555955 -9.873612
125317.191000 28.556140 -9.873652
125318.191000 28.556323 -9.873682
125319.191000 28.556503 -9.873705
125320.191000 28.556682 -9.873720
125321.190000 28.556857 -9.873727
125322.190000 28.557028 -9.873728
125323.190000 28.557198 -9.873730
125324.190000 28.557372 -9.873732
125325.190000 28.557548 -9.873733
125326.190000 28.557728 -9.873737
125327.190000 28.557907 -9.873738
125328.190000 28.558088 -9.873740
125329.190000 28.558273 -9.873742
125330.190000 28.558458 -9.873745
125331.190000 28.558643 -9.873748
125332.190000 28.558828 -9.873750
125333.190000 28.559013 -9.873753
125334.190000 28.559202 -9.873757
125335.190000 28.559390 -9.873760
125336.190000 28.559582 -9.873763
125337.190000 28.559775 -9.873767
125338.189000 28.559970 -9.873768
125339.189000 28.560165 -9.873772
125340.189000 28.560360 -9.873775
125341.189000 28.560552 -9.873778
125342.189000 28.560742 -9.873782
125343.189000 28.560930 -9.873787
125344.189000 28.561117 -9.873790
125345.189000 28.561303 -9.873793
125346.189000 28.561493 -9.873797
125347.189000 28.561683 -9.873802
125348.189000 28.561878 -9.873808
125349.189000 28.562075 -9.873813
125350.189000 28.562273 -9.873822
125351.189000 28.562475 -9.873830
125352.189000 28.562675 -9.873838
125353.189000 28.562873 -9.873847
125354.189000 28.563073 -9.873855
125355.188000 28.563273 -9.873865
125356.188000 28.563473 -9.873877
125357.188000 28.563672 -9.873892
125358.188000 28.563867 -9.873908
125359.188000 28.564060 -9.873928
125400.188000 28.564248 -9.873948
125401.188000 28.564435 -9.873968
125402.188000 28.564617 -9.873988
125403.188000 28.564795 -9.874010
125404.188000 28.564968 -9.874032
125405.188000 28.565135 -9.874057
125406.188000 28.565292 -9.874085
125407.188000 28.565442 -9.874117
125408.188000 28.565585 -9.874148
125409.188000 28.565722 -9.874177
125410.188000 28.565853 -9.874203
125411.188000 28.565975 -9.874225
125412.187000 28.566085 -9.874243
125413.187000 28.566182 -9.874257
125414.187000 28.566265 -9.874267
125415.187000 28.566337 -9.874275
125416.187000 28.566397 -9.874280
125417.187000 28.566447 -9.874282
125418.187000 28.566485 -9.874283
125419.187000 28.566510 -9.874283
125420.187000 28.566523 -9.874283
125421.187000 28.566533 -9.874283
125422.187000 28.566540 -9.874283
125423.187000 28.566538 -9.874283
125424.187000 28.566535 -9.874285
125425.187000 28.566530 -9.874285
125426.187000 28.566525 -9.874285
125427.187000 28.566522 -9.874283
125428.187000 28.566518 -9.874283
125429.187000 28.566515 -9.874282
125430.186000 28.566512 -9.874280
125431.186000 28.566508 -9.874277
125432.186000 28.566505 -9.874273
125433.186000 28.566500 -9.874270
125434.186000 28.566498 -9.874265
125435.186000 28.566495 -9.874262
125436.186000 28.566492 -9.874260
125437.186000 28.566488 -9.874258
125438.186000 28.566485 -9.874257
125439.186000 28.566482 -9.874257
125440.186000 28.566478 -9.874257
125441.186000 28.566477 -9.874257
125442.186000 28.566475 -9.874257
125443.186000 28.566473 -9.874258
125444.186000 28.566473 -9.874258
125445.186000 28.566473 -9.874260
125446.186000 28.566473 -9.874262
125447.185000 28.566473 -9.874263
125448.185000 28.566473 -9.874265
125449.185000 28.566473 -9.874265
125450.185000 28.566473 -9.874267
125451.185000 28.566473 -9.874268
125452.185000 28.566473 -9.874268
125453.185000 28.566473 -9.874270
125454.185000 28.566473 -9.874270
125455.185000 28.566475 -9.874272
125456.185000 28.566475 -9.874273
125457.185000 28.566473 -9.874275
125458.185000 28.566473 -9.874277
125459.185000 28.566473 -9.874277
125500.185000 28.566473 -9.874277
125501.185000 28.566472 -9.874275
125502.185000 28.566472 -9.874275
125503.185000 28.566472 -9.874273
125504.184000 28.566472 -9.874273
125505.184000 28.566473 -9.874273
125506.184000 28.566473 -9.874272
125507.184000 28.566473 -9.874272
125508.184000 28.566473 -9.874272
125509.184000 28.566475 -9.874272
125510.184000 28.566477 -9.874273
125511.184000 28.566478 -9.874273
125512.184000 28.566482 -9.874277
125513.184000 28.566483 -9.874278
125514.184000 28.566485 -9.874282
125515.184000 28.566487 -9.874283
125516.184000 28.566488 -9.874285
125517.184000 28.566490 -9.874287
125518.184000 28.566492 -9.874287
125519.184000 28.566492 -9.874287
125520.184000 28.566493 -9.874287
125521.184000 28.566493 -9.874287
125522.183000 28.566493 -9.874285
125523.183000 28.566493 -9.874282
125524.183000 28.566493 -9.874280
125525.183000 28.566493 -9.874278
125526.183000 28.566493 -9.874275
125527.183000 28.566492 -9.874275
125528.183000 28.566493 -9.874275
125529.183000 28.566493 -9.874275
125530.183000 28.566493 -9.874275
125531.183000 28.566493 -9.874277
125532.183000 28.566493 -9.874277
125533.183000 28.566492 -9.874278
125534.183000 28.566490 -9.874278
125535.183000 28.566488 -9.874280
125536.183000 28.566488 -9.874282
125537.183000 28.566487 -9.874283
125538.183000 28.566485 -9.874283
125539.182000 28.566483 -9.874285
125540.182000 28.566483 -9.874283
125541.182000 28.566495 -9.874283
125542.182000 28.566528 -9.874285
125543.182000 28.566578 -9.874287
125544.182000 28.566643 -9.874288
125545.182000 28.566718 -9.874292
125546.182000 28.566805 -9.874297
125547.182000 28.566905 -9.874302
125548.182000 28.567018 -9.874307
125549.182000 28.567145 -9.874312
125550.182000 28.567287 -9.874317
125551.182000 28.567435 -9.874322
125552.182000 28.567592 -9.874325
125553.182000 28.567755 -9.874330
125554.182000 28.567920 -9.874335
125555.182000 28.568087 -9.874342
125556.181000 28.568253 -9.874350
125557.181000 28.568422 -9.874358
125558.181000 28.568592 -9.874368
125559.181000 28.568763 -9.874377
125600.181000 28.568940 -9.874383
125601.181000 28.569117 -9.874388
125602.181000 28.569298 -9.874395
125603.181000 28.569483 -9.874398
125604.181000 28.569672 -9.874400
125605.181000 28.569862 -9.874400
125606.181000 28.570055 -9.874397
125607.181000 28.570245 -9.874393
125608.181000 28.570435 -9.874388
125609.181000 28.570623 -9.874383
125610.181000 28.570813 -9.874380
125611.181000 28.571003 -9.874377
125612.181000 28.571190 -9.874375
125613.181000 28.571375 -9.874377
125614.180000 28.571558 -9.874377
125615.180000 28.571742 -9.874378
125616.180000 28.571920 -9.874382
125617.180000 28.572095 -9.874383
125618.180000 28.572268 -9.874385
125619.180000 28.572445 -9.874387
125620.180000 28.572628 -9.874388
125621.180000 28.572818 -9.874390
125622.180000 28.573013 -9.874393
125623.180000 28.573217 -9.874397
125624.180000 28.573423 -9.874400
125625.180000 28.573633 -9.874403
125626.180000 28.573843 -9.874408
125627.180000 28.574055 -9.874412
125628.180000 28.574267 -9.874415
125629.180000 28.574477 -9.874418
125630.180000 28.574688 -9.874422
125631.179000 28.574898 -9.874425
125632.179000 28.575105 -9.874428
125633.179000 28.575312 -9.874430
125634.179000 28.575520 -9.874432
125635.179000 28.575727 -9.874435
125636.179000 28.575933 -9.874437
125637.179000 28.576138 -9.874438
125638.179000 28.576343 -9.874438
125639.179000 28.576548 -9.874438
125640.179000 28.576753 -9.874438
125641.179000 28.576958 -9.874437
125642.179000 28.577167 -9.874433
125643.179000 28.577373 -9.874430
125644.179000 28.577578 -9.874425
125645.179000 28.577783 -9.874420
125646.179000 28.577985 -9.874415
125647.179000 28.578187 -9.874412
125648.178000 28.578388 -9.874410
125649.178000 28.578588 -9.874408
125650.178000 28.578790 -9.874407
125651.178000 28.578990 -9.874405
125652.178000 28.579190 -9.874402
125653.178000 28.579388 -9.874402
125654.178000 28.579585 -9.874400
125655.178000 28.579782 -9.874398
125656.178000 28.579977 -9.874397
125657.178000 28.580170 -9.874395
125658.178000 28.580363 -9.874392
125659.178000 28.580553 -9.874390
125700.178000 28.580738 -9.874388
125701.178000 28.580918 -9.874387
125702.178000 28.581092 -9.874385
125703.178000 28.581253 -9.874383
125704.178000 28.581403 -9.874382
125705.178000 28.581543 -9.874380
125706.177000 28.581673 -9.874380
125707.177000 28.581788 -9.874378
125708.177000 28.581885 -9.874378
125709.177000 28.581963 -9.874378
125710.177000 28.582028 -9.874378
125711.177000 28.582083 -9.874380
125712.177000 28.582133 -9.874382
125713.177000 28.582185 -9.874383
125714.177000 28.582245 -9.874383
125715.177000 28.582315 -9.874382
125716.177000 28.582398 -9.874380
125717.177000 28.582495 -9.874380
125718.177000 28.582602 -9.874380
125719.177000 28.582715 -9.874378
125720.177000 28.582830 -9.874378
125721.177000 28.582943 -9.874378
125722.177000 28.583060 -9.874378
125723.176000 28.583182 -9.874377
125724.176000 28.583312 -9.874377
125725.176000 28.583450 -9.874377
125726.176000 28.583597 -9.874375
125727.176000 28.583750 -9.874375
125728.176000 28.583907 -9.874377
125729.176000 28.584063 -9.874377
125730.176000 28.584223 -9.874377
125731.176000 28.584387 -9.874378
125732.176000 28.584552 -9.874378
125733.176000 28.584717 -9.874380
125734.176000 28.584885 -9.874382
125735.176000 28.585055 -9.874383
125736.176000 28.585227 -9.874385
125737.176000 28.585398 -9.874387
125738.176000 28.585568 -9.874390
125739.176000 28.585738 -9.874393
125740.175000 28.585908 -9.874400
125741.175000 28.586078 -9.874410
125742.175000 28.586253 -9.874428
125743.175000 28.586432 -9.874452
125744.175000 28.586615 -9.874485
125745.175000 28.586798 -9.874528
125746.175000 28.586982 -9.874583
125747.175000 28.587163 -9.874642
125748.175000 28.587342 -9.874705
125749.175000 28.587518 -9.874767
125750.175000 28.587692 -9.874827
125751.175000 28.587863 -9.874885
125752.175000 28.588038 -9.874943
125753.175000 28.588213 -9.874997
125754.175000 28.588393 -9.875050
125755.175000 28.588575 -9.875105
125756.175000 28.588755 -9.875163
125757.175000 28.588932 -9.875223
125758.174000 28.589108 -9.875283
125759.174000 28.589283 -9.875343
125800.174000 28.589458 -9.875402
125801.174000 28.589633 -9.875460
125802.174000 28.589808 -9.875513
125803.174000 28.589983 -9.875558
125804.174000 28.590157 -9.875597
125805.174000 28.590327 -9.875625
125806.174000 28.590493 -9.875645
125807.174000 28.590662 -9.875657
125808.174000 28.590830 -9.875662
125809.174000 28.591000 -9.875663
125810.174000 28.591172 -9.875658
125811.174000 28.591343 -9.875648
125812.174000 28.591515 -9.875630
125813.174000 28.591685 -9.875605
125814.174000 28.591853 -9.875573
125815.173000 28.592020 -9.875533
125816.173000 28.592183 -9.875488
125817.173000 28.592343 -9.875433
125818.173000 28.592497 -9.875368
125819.173000 28.592643 -9.875300
125820.173000 28.592787 -9.875238
125821.173000 28.592920 -9.875185
125822.173000 28.593038 -9.875140
125823.173000 28.593137 -9.875107
125824.173000 28.593220 -9.875077
125825.173000 28.593295 -9.875052
125826.173000 28.593367 -9.875023
125827.173000 28.593427 -9.874985
125828.173000 28.593468 -9.874925
125829.173000 28.593483 -9.874847
125830.173000 28.593475 -9.874758
125831.173000 28.593448 -9.874653
125832.173000 28.593418 -9.874545
125833.172000 28.593382 -9.874423
125834.172000 28.593342 -9.874293
125835.172000 28.593300 -9.874160
125836.172000 28.593262 -9.874028
125837.172000 28.593227 -9.873897
125838.172000 28.593198 -9.873767
125839.172000 28.593177 -9.873637
125840.172000 28.593165 -9.873508
125841.172000 28.593165 -9.873382
125842.172000 28.593175 -9.873253
125843.172000 28.593198 -9.873125
125844.172000 28.593232 -9.872998
125845.172000 28.593280 -9.872873
125846.172000 28.593338 -9.872753
125847.172000 28.593412 -9.872638
125848.172000 28.593495 -9.872533
125849.172000 28.593592 -9.872440
125850.171000 28.593695 -9.872357
125851.171000 28.593803 -9.872283
125852.171000 28.593908 -9.872213
125853.171000 28.594010 -9.872150
125854.171000 28.594110 -9.872088
125855.171000 28.594212 -9.872028
125856.171000 28.594315 -9.871967
125857.171000 28.594422 -9.871903
125858.171000 28.594528 -9.871837
125859.171000 28.594637 -9.871767
125900.171000 28.594745 -9.871698
125901.171000 28.594853 -9.871630
125902.171000 28.594962 -9.871558
125903.171000 28.595068 -9.871490
125904.171000 28.595175 -9.871422
125905.171000 28.595278 -9.871355
125906.171000 28.595380 -9.871288
125907.170000 28.595482 -9.871223
125908.170000 28.595582 -9.871158
125909.170000 28.595682 -9.871093
125910.170000 28.595783 -9.871028
125911.170000 28.595885 -9.870962
125912.170000 28.595987 -9.870895
125913.170000 28.596088 -9.870828
125914.170000 28.596188 -9.870765
125915.170000 28.596287 -9.870702
125916.170000 28.596378 -9.870643
125917.170000 28.596460 -9.870588
125918.170000 28.596535 -9.870538
125919.170000 28.596607 -9.870492
125920.170000 28.596673 -9.870445
125921.170000 28.596737 -9.870403
125922.170000 28.596795 -9.870363
125923.170000 28.596847 -9.870328
125924.170000 28.596893 -9.870298
125925.169000 28.596933 -9.870270
125926.169000 28.596968 -9.870248
125927.169000 28.597000 -9.870227
125928.169000 28.597030 -9.870208
125929.169000 28.597057 -9.870190
125930.169000 28.597082 -9.870173
125931.169000 28.597103 -9.870160
125932.169000 28.597118 -9.870150
125933.169000 28.597128 -9.870143
125934.169000 28.597138 -9.870137
125935.169000 28.597147 -9.870130
125936.169000 28.597152 -9.870127
125937.169000 28.597153 -9.870127
125938.169000 28.597155 -9.870127
125939.169000 28.597157 -9.870125
125940.169000 28.597157 -9.870123
125941.169000 28.597162 -9.870117
125942.168000 28.597172 -9.870105
125943.168000 28.597183 -9.870088
125944.168000 28.597190 -9.870078
125945.168000 28.597192 -9.870077
125946.168000 28.597192 -9.870075
125947.168000 28.597192 -9.870073
125948.168000 28.597192 -9.870073
125949.168000 28.597192 -9.870073
125950.168000 28.597193 -9.870068
125951.168000 28.597203 -9.870045
125952.168000 28.597213 -9.870003
125953.168000 28.597212 -9.869947
125954.168000 28.597192 -9.869877
125955.168000 28.597157 -9.869797
125956.168000 28.597117 -9.869713
125957.168000 28.597075 -9.869632
125958.168000 28.597037 -9.869553
125959.168000 28.597000 -9.869477
130000.167000 28.596963 -9.869402
130001.167000 28.596922 -9.869323
130002.167000 28.596885 -9.869248
130003.167000 28.596853 -9.869185
130004.167000 28.596837 -9.869150
130005.167000 28.596833 -9.869142
130006.167000 28.596832 -9.869140
130007.167000 28.596827 -9.869130
130008.167000 28.596813 -9.869100
130009.167000 28.596795 -9.869050
130010.167000 28.596772 -9.868983
130011.167000 28.596747 -9.868905
130012.167000 28.596722 -9.868817
130013.167000 28.596693 -9.868717
130014.167000 28.596662 -9.868613
130015.167000 28.596628 -9.868510
130016.167000 28.596588 -9.868410
130017.166000 28.596543 -9.868310
130018.166000 28.596492 -9.868212
130019.166000 28.596432 -9.868117
130020.166000 28.596368 -9.868022
130021.166000 28.596310 -9.867925
130022.166000 28.596263 -9.867823
130023.166000 28.596228 -9.867720
130024.166000 28.596207 -9.867612
130025.166000 28.596195 -9.867498
130026.166000 28.596195 -9.867380
130027.166000 28.596200 -9.867260
130028.166000 28.596212 -9.867135
130029.166000 28.596230 -9.867012
130030.166000 28.596253 -9.866888
130031.166000 28.596280 -9.866767
130032.166000 28.596307 -9.866645
130033.166000 28.596330 -9.866523
130034.165000 28.596348 -9.866403
130035.165000 28.596363 -9.866280
130036.165000 28.596370 -9.866157
130037.165000 28.596372 -9.866033
130038.165000 28.596368 -9.865910
130039.165000 28.596360 -9.865788
130040.165000 28.596352 -9.865668
130041.165000 28.596348 -9.865550
130042.165000 28.596355 -9.865432
130043.165000 28.596375 -9.865315
130044.165000 28.596407 -9.865203
130045.165000 28.596453 -9.865098
130046.165000 28.596510 -9.865000
130047.165000 28.596575 -9.864908
130048.165000 28.596652 -9.864827
130049.165000 28.596735 -9.864753
130050.165000 28.596828 -9.864693
130051.165000 28.596927 -9.864647
130052.164000 28.597030 -9.864615
130053.164000 28.597133 -9.864595
130054.164000 28.597238 -9.864585
130055.164000 28.597342 -9.864575
130056.164000 28.597440 -9.864560
130057.164000 28.597530 -9.864532
130058.164000 28.597607 -9.864492
130059.164000 28.597667 -9.864448
130100.164000 28.597712 -9.864402
130101.164000 28.597743 -9.864362
130102.164000 28.597763 -9.864332
130103.164000 28.597773 -9.864315
130104.164000 28.597777 -9.864305
130105.164000 28.597777 -9.864302
130106.164000 28.597775 -9.864300
130107.164000 28.597773 -9.864300
130108.164000 28.597772 -9.864300
130109.163000 28.597772 -9.864298
130110.163000 28.597772 -9.864298
130111.163000 28.597773 -9.864300
130112.163000 28.597773 -9.864300
130113.163000 28.597773 -9.864300
130114.163000 28.597775 -9.864300
130115.163000 28.597775 -9.864300
130116.163000 28.597773 -9.864302
130117.163000 28.597772 -9.864303
130118.163000 28.597770 -9.864303
130119.163000 28.597768 -9.864305
130120.163000 28.597767 -9.864305
130121.163000 28.597767 -9.864305
130122.163000 28.597773 -9.864292
130123.163000 28.597792 -9.864263
130124.163000 28.597815 -9.864223
130125.163000 28.597848 -9.864168
130126.163000 28.597888 -9.864103
130127.162000 28.597935 -9.864028
130128.162000 28.597987 -9.863942
130129.162000 28.598045 -9.863850
130130.162000 28.598103 -9.863755
130131.162000 28.598165 -9.863655
130132.162000 28.598228 -9.863550
130133.162000 28.598293 -9.863443
130134.162000 28.598363 -9.863332
130135.162000 28.598433 -9.863218
130136.162000 28.598508 -9.863100
130137.162000 28.598585 -9.862977
130138.162000 28.598663 -9.862852
130139.162000 28.598743 -9.862723
130140.162000 28.598825 -9.862593
130141.162000 28.598907 -9.862463
130142.162000 28.598988 -9.862332
130143.162000 28.599070 -9.862203
130144.161000 28.599150 -9.862077
130145.161000 28.599230 -9.861950
130146.161000 28.599308 -9.861825
130147.161000 28.599392 -9.861705
130148.161000 28.599483 -9.861588
130149.161000 28.599582 -9.861482
130150.161000 28.599688 -9.861383
130151.161000 28.599803 -9.861295
130152.161000 28.599925 -9.861218
130153.161000 28.600052 -9.861152
130154.161000 28.600182 -9.861098
130155.161000 28.600315 -9.861058
130156.161000 28.600447 -9.861032
130157.161000 28.600580 -9.861020
130158.161000 28.600710 -9.861018
130159.161000 28.600840 -9.861020
130200.161000 28.600968 -9.861025
130201.160000 28.601090 -9.861028
130202.160000 28.601205 -9.861037
130203.160000 28.601305 -9.861047
130204.160000 28.601387 -9.861058
130205.160000 28.601447 -9.861072
130206.160000 28.601488 -9.861082
130207.160000 28.601518 -9.861092
130208.160000 28.601542 -9.861098
130209.160000 28.601563 -9.861102
130210.160000 28.601582 -9.861107
130211.160000 28.601595 -9.861110
130212.160000 28.601603 -9.861112
130213.160000 28.601613 -9.861112
130214.160000 28.601632 -9.861115
130215.160000 28.601660 -9.861117
130216.160000 28.601697 -9.861122
130217.160000 28.601740 -9.861127
130218.160000 28.601792 -9.861137
130219.159000 28.601845 -9.861163
130220.159000 28.601888 -9.861213
130221.159000 28.601917 -9.861282
130222.159000 28.601928 -9.861360
130223.159000 28.601927 -9.861447
130224.159000 28.601918 -9.861535
130225.159000 28.601907 -9.861618
130226.159000 28.601900 -9.861700
130227.159000 28.601900 -9.861778
130228.159000 28.601903 -9.861850
130229.159000 28.601912 -9.861918
130230.159000 28.601918 -9.861980
130231.159000 28.601925 -9.862037
130232.159000 28.601932 -9.862083
130233.159000 28.601935 -9.862117
130234.159000 28.601937 -9.862140
130235.159000 28.601937 -9.862158
130236.158000 28.601937 -9.862173
130237.158000 28.601938 -9.862187
130238.158000 28.601938 -9.862203
130239.158000 28.601938 -9.862222
130240.158000 28.601938 -9.862242
130241.158000 28.601940 -9.862260
130242.158000 28.601940 -9.862278
130243.158000 28.601940 -9.862298
130244.158000 28.601942 -9.862317
130245.158000 28.601942 -9.862335
130246.158000 28.601942 -9.862355
130247.158000 28.601942 -9.862373
130248.158000 28.601943 -9.862392
130249.158000 28.601943 -9.862412
130250.158000 28.601943 -9.862430
130251.158000 28.601945 -9.862448
130252.158000 28.601945 -9.862468
130253.158000 28.601945 -9.862488
130254.157000 28.601968 -9.862455
130255.157000 28.602078 -9.862467
130256.157000 28.602267 -9.862460
130257.157000 28.602398 -9.862448
130258.157000 28.602502 -9.862447
130259.157000 28.602583 -9.862443
130300.157000 28.602657 -9.862435
130301.157000 28.602722 -9.862447
130302.157000 28.602772 -9.862443
130303.157000 28.602790 -9.862467
130304.157000 28.602803 -9.862488
130305.157000 28.602812 -9.862492
130306.157000 28.602817 -9.862493
130307.157000 28.602825 -9.862493
130308.157000 28.602838 -9.862490
130309.157000 28.602847 -9.862485
130310.157000 28.602857 -9.862475
130311.156000 28.602873 -9.862460
130312.156000 28.602893 -9.862442
130313.156000 28.602912 -9.862422
130314.156000 28.602933 -9.862405
130315.156000 28.602955 -9.862387
130316.156000 28.602975 -9.862370
130317.156000 28.602997 -9.862353
130318.156000 28.603018 -9.862337
130319.156000 28.603020 -9.862310
130320.156000 28.603017 -9.862282
130321.156000 28.603017 -9.862255
130322.156000 28.602995 -9.862272
130323.156000 28.602988 -9.862272
130324.156000 28.602972 -9.862268
130325.156000 28.602958 -9.862265
130326.156000 28.602950 -9.862260
130327.156000 28.602943 -9.862255
130328.156000 28.602938 -9.862250
130329.155000 28.602935 -9.862243
130330.155000 28.602933 -9.862237
130331.155000 28.602932 -9.862228
130332.155000 28.602935 -9.862218
130333.155000 28.602942 -9.862207
130334.155000 28.602950 -9.862193
130335.155000 28.602958 -9.862182
130336.155000 28.602968 -9.862170
130337.155000 28.602980 -9.862157
130338.155000 28.602993 -9.862143
130339.155000 28.603007 -9.862130
130340.155000 28.603020 -9.862117
